Using pre-set license
Built from '2022.3/release' branch; Version is '2022.3.12f1 (4fe6e059c7ef) revision 5236448'; Using compiler version '192829333'; Build Type 'Release'
OS: 'Windows 11  (10.0.26100) 64bit Professional' Language: 'de' Physical Memory: 16087 MB
BatchMode: 1, IsHumanControllingUs: 0, StartBugReporterOnCrash: 0, Is64bit: 1, IsPro: 1

COMMAND LINE ARGUMENTS:
C:\Program Files\Unity\Hub\Editor\2022.3.12f1\Editor\Unity.exe
-adb2
-batchMode
-noUpm
-name
AssetImportWorker2
-projectPath
C:/Unity/Projects/SAP2_Parvus_Amicus
-logFile
Logs/AssetImportWorker2.log
-srvPort
57214
Successfully changed project path to: C:/Unity/Projects/SAP2_Parvus_Amicus
C:/Unity/Projects/SAP2_Parvus_Amicus
[UnityMemory] Configuration Parameters - Can be set up in boot.config
    "memorysetup-bucket-allocator-granularity=16"
    "memorysetup-bucket-allocator-bucket-count=8"
    "memorysetup-bucket-allocator-block-size=33554432"
    "memorysetup-bucket-allocator-block-count=8"
    "memorysetup-main-allocator-block-size=16777216"
    "memorysetup-thread-allocator-block-size=16777216"
    "memorysetup-gfx-main-allocator-block-size=16777216"
    "memorysetup-gfx-thread-allocator-block-size=16777216"
    "memorysetup-cache-allocator-block-size=4194304"
    "memorysetup-typetree-allocator-block-size=2097152"
    "memorysetup-profiler-bucket-allocator-granularity=16"
    "memorysetup-profiler-bucket-allocator-bucket-count=8"
    "memorysetup-profiler-bucket-allocator-block-size=33554432"
    "memorysetup-profiler-bucket-allocator-block-count=8"
    "memorysetup-profiler-allocator-block-size=16777216"
    "memorysetup-profiler-editor-allocator-block-size=1048576"
    "memorysetup-temp-allocator-size-main=16777216"
    "memorysetup-job-temp-allocator-block-size=2097152"
    "memorysetup-job-temp-allocator-block-size-background=1048576"
    "memorysetup-job-temp-allocator-reduction-small-platforms=262144"
    "memorysetup-allocator-temp-initial-block-size-main=262144"
    "memorysetup-allocator-temp-initial-block-size-worker=262144"
    "memorysetup-temp-allocator-size-background-worker=32768"
    "memorysetup-temp-allocator-size-job-worker=262144"
    "memorysetup-temp-allocator-size-preload-manager=33554432"
    "memorysetup-temp-allocator-size-nav-mesh-worker=65536"
    "memorysetup-temp-allocator-size-audio-worker=65536"
    "memorysetup-temp-allocator-size-cloud-worker=32768"
    "memorysetup-temp-allocator-size-gi-baking-worker=262144"
    "memorysetup-temp-allocator-size-gfx=262144"
Player connection [21284] Host "[IP] 25.60.206.144 [Port] 0 [Flags] 2 [Guid] 996358483 [EditorId] 996358483 [Version] 1048832 [Id] WindowsEditor(7,GamingLaptop) [Debug] 1 [PackageName] WindowsEditor [ProjectName] Editor" joined multi-casting on [225.0.0.222:54997]...

Player connection [21284] Host "[IP] 25.60.206.144 [Port] 0 [Flags] 2 [Guid] 996358483 [EditorId] 996358483 [Version] 1048832 [Id] WindowsEditor(7,GamingLaptop) [Debug] 1 [PackageName] WindowsEditor [ProjectName] Editor" joined alternative multi-casting on [225.0.0.222:34997]...

[Physics::Module] Initialized MultithreadedJobDispatcher with 15 workers.
Refreshing native plugins compatible for Editor in 554.92 ms, found 7 plugins.
Preloading 0 native plugins for Editor in 0.00 ms.
Initialize engine version: 2022.3.12f1 (4fe6e059c7ef)
[Subsystems] Discovering subsystems at path C:/Program Files/Unity/Hub/Editor/2022.3.12f1/Editor/Data/Resources/UnitySubsystems
[Subsystems] Discovering subsystems at path C:/Unity/Projects/SAP2_Parvus_Amicus/Assets
GfxDevice: creating device client; threaded=0; jobified=0
Direct3D:
    Version:  Direct3D 11.0 [level 11.1]
    Renderer: NVIDIA GeForce RTX 4070 Laptop GPU (ID=0x2820)
    Vendor:   NVIDIA
    VRAM:     7948 MB
    Driver:   32.0.15.7270
Initialize mono
Mono path[0] = 'C:/Program Files/Unity/Hub/Editor/2022.3.12f1/Editor/Data/Managed'
Mono path[1] = 'C:/Program Files/Unity/Hub/Editor/2022.3.12f1/Editor/Data/MonoBleedingEdge/lib/mono/unityjit-win32'
Mono config path = 'C:/Program Files/Unity/Hub/Editor/2022.3.12f1/Editor/Data/MonoBleedingEdge/etc'
Using monoOptions --debugger-agent=transport=dt_socket,embedding=1,server=y,suspend=n,address=127.0.0.1:56136
Begin MonoManager ReloadAssembly
Registering precompiled unity dll's ...
Register platform support module: C:/Program Files/Unity/Hub/Editor/2022.3.12f1/Editor/Data/PlaybackEngines/WindowsStandaloneSupport/UnityEditor.WindowsStandalone.Extensions.dll
Registered in 0.003831 seconds.
- Loaded All Assemblies, in  0.268 seconds
Native extension for WindowsStandalone target not found
Mono: successfully reloaded assembly
- Finished resetting the current domain, in  0.179 seconds
Domain Reload Profiling: 447ms
	BeginReloadAssembly (82ms)
		ExecutionOrderSort (0ms)
		DisableScriptedObjects (0ms)
		BackupInstance (0ms)
		ReleaseScriptingObjects (0ms)
		CreateAndSetChildDomain (0ms)
	RebuildCommonClasses (23ms)
	RebuildNativeTypeToScriptingClass (7ms)
	initialDomainReloadingComplete (37ms)
	LoadAllAssembliesAndSetupDomain (119ms)
		LoadAssemblies (81ms)
		RebuildTransferFunctionScriptingTraits (0ms)
		AnalyzeDomain (117ms)
			TypeCache.Refresh (115ms)
				TypeCache.ScanAssembly (105ms)
			ScanForSourceGeneratedMonoScriptInfo (0ms)
			ResolveRequiredComponents (0ms)
	FinalizeReload (180ms)
		ReleaseScriptCaches (0ms)
		RebuildScriptCaches (0ms)
		SetupLoadedEditorAssemblies (138ms)
			LogAssemblyErrors (0ms)
			InitializePlatformSupportModulesInManaged (6ms)
			SetLoadedEditorAssemblies (5ms)
			RefreshPlugins (0ms)
			BeforeProcessingInitializeOnLoad (2ms)
			ProcessInitializeOnLoadAttributes (87ms)
			ProcessInitializeOnLoadMethodAttributes (39ms)
			AfterProcessingInitializeOnLoad (0ms)
			EditorAssembliesLoaded (0ms)
		ExecutionOrderSort2 (0ms)
		AwakeInstancesAfterBackupRestoration (0ms)
========================================================================
Worker process is ready to serve import requests
Begin MonoManager ReloadAssembly
- Loaded All Assemblies, in  0.524 seconds
Refreshing native plugins compatible for Editor in 4.45 ms, found 7 plugins.
Native extension for WindowsStandalone target not found
Mono: successfully reloaded assembly
- Finished resetting the current domain, in  0.505 seconds
Domain Reload Profiling: 1028ms
	BeginReloadAssembly (105ms)
		ExecutionOrderSort (0ms)
		DisableScriptedObjects (3ms)
		BackupInstance (0ms)
		ReleaseScriptingObjects (0ms)
		CreateAndSetChildDomain (14ms)
	RebuildCommonClasses (22ms)
	RebuildNativeTypeToScriptingClass (7ms)
	initialDomainReloadingComplete (27ms)
	LoadAllAssembliesAndSetupDomain (362ms)
		LoadAssemblies (254ms)
		RebuildTransferFunctionScriptingTraits (0ms)
		AnalyzeDomain (173ms)
			TypeCache.Refresh (139ms)
				TypeCache.ScanAssembly (126ms)
			ScanForSourceGeneratedMonoScriptInfo (22ms)
			ResolveRequiredComponents (9ms)
	FinalizeReload (505ms)
		ReleaseScriptCaches (0ms)
		RebuildScriptCaches (0ms)
		SetupLoadedEditorAssemblies (386ms)
			LogAssemblyErrors (0ms)
			InitializePlatformSupportModulesInManaged (4ms)
			SetLoadedEditorAssemblies (3ms)
			RefreshPlugins (0ms)
			BeforeProcessingInitializeOnLoad (53ms)
			ProcessInitializeOnLoadAttributes (260ms)
			ProcessInitializeOnLoadMethodAttributes (62ms)
			AfterProcessingInitializeOnLoad (4ms)
			EditorAssembliesLoaded (0ms)
		ExecutionOrderSort2 (0ms)
		AwakeInstancesAfterBackupRestoration (6ms)
Launched and connected shader compiler UnityShaderCompiler.exe after 0.05 seconds
Refreshing native plugins compatible for Editor in 5.63 ms, found 7 plugins.
Preloading 0 native plugins for Editor in 0.00 ms.
Unloading 6041 Unused Serialized files (Serialized files now loaded: 0)
Unloading 117 unused Assets / (1.0 MB). Loaded Objects now: 6479.
Memory consumption went from 232.6 MB to 231.6 MB.
Total: 5.613800 ms (FindLiveObjects: 0.446300 ms CreateObjectMapping: 0.250100 ms MarkObjects: 4.291300 ms  DeleteObjects: 0.622100 ms)

AssetImportParameters requested are different than current active one (requested -> active):
  custom:container-demuxer-ogg: 62fdf1f143b41e24485cea50d1cbac27 -> 
  custom:video-codec-MediaFoundation-h265: 746d11721c4dcdbdad8f713fa42b33f4 -> 
  custom:video-decoder-ogg-theora: a1e56fd34408186e4bbccfd4996cb3dc -> 
  custom:framework-win-MediaFoundation: 216162199b28c13a410421893ffa2e32 -> 
  custom:CustomObjectIndexerAttribute: a3ef5dd2817f97addfee359851a9dba5 -> 
  custom:container-demuxer-webm: 4f35f7cbe854078d1ac9338744f61a02 -> 
  custom:container-muxer-webm: aa71ff27fc2769a1b78a27578f13a17b -> 
  custom:video-decoder-webm-vp8: 9c59270c3fd7afecdb556c50c9e8de78 -> 
  custom:SearchIndexIgnoredProperties: e643bd26f0fe6173181afceb89e7c659 -> 
  custom:AudioImporter_EditorPlatform: d09bf68614088b80899f8185d706f6e7 -> 
  custom:video-encoder-webm-vp8: eb34c28f22e8b96e1ab97ce403110664 -> 
  custom:audio-decoder-ogg-vorbis: bf7c407c2cedff20999df2af8eb42d56 -> 
  custom:audio-encoder-webm-vorbis: bf7c407c2cedff20999df2af8eb42d56 -> 
========================================================================
Received Import Request.
  Time since last request: 1120453.419934 seconds.
  path: Assets/Tileset/tileset_PNG.png
  artifactKey: Guid(dcf84e9a3dea0af42b7b899199426e5c) Importer(815301076,1909f56bfc062723c751e8b465ee728b)
Start importing Assets/Tileset/tileset_PNG.png using Guid(dcf84e9a3dea0af42b7b899199426e5c) Importer(815301076,1909f56bfc062723c751e8b465ee728b)  -> (artifact id: '7a9eb112f46a1c0dd3856248a8fdb57c') in 0.106153 seconds
Number of updated asset objects reloaded before import = 0
Number of asset objects unloaded after import = 3
========================================================================
Received Import Request.
  Time since last request: 8.249741 seconds.
  path: Assets/Tileset/tileset_PNG.png
  artifactKey: Guid(dcf84e9a3dea0af42b7b899199426e5c) Importer(815301076,1909f56bfc062723c751e8b465ee728b)
Start importing Assets/Tileset/tileset_PNG.png using Guid(dcf84e9a3dea0af42b7b899199426e5c) Importer(815301076,1909f56bfc062723c751e8b465ee728b)  -> (artifact id: '0b54b5b450ae7612206b5f1e7d151682') in 0.055819 seconds
Number of updated asset objects reloaded before import = 0
Number of asset objects unloaded after import = 3
========================================================================
Received Import Request.
  Time since last request: 13.268470 seconds.
  path: Assets/Tileset/tileset_PNG.png
  artifactKey: Guid(dcf84e9a3dea0af42b7b899199426e5c) Importer(815301076,1909f56bfc062723c751e8b465ee728b)
Start importing Assets/Tileset/tileset_PNG.png using Guid(dcf84e9a3dea0af42b7b899199426e5c) Importer(815301076,1909f56bfc062723c751e8b465ee728b)  -> (artifact id: '25ce48e684234f8e5d362b1cd26b8de8') in 0.038863 seconds
Number of updated asset objects reloaded before import = 0
Number of asset objects unloaded after import = 2
========================================================================
Received Import Request.
  Time since last request: 1497.604842 seconds.
  path: Assets/Tileset/tileset_PNG.png
  artifactKey: Guid(dcf84e9a3dea0af42b7b899199426e5c) Importer(815301076,1909f56bfc062723c751e8b465ee728b)
Start importing Assets/Tileset/tileset_PNG.png using Guid(dcf84e9a3dea0af42b7b899199426e5c) Importer(815301076,1909f56bfc062723c751e8b465ee728b)  -> (artifact id: '39d70152fdcda8477e72e77302d48d9b') in 0.127686 seconds
Number of updated asset objects reloaded before import = 0
Number of asset objects unloaded after import = 33
========================================================================
Received Import Request.
  Time since last request: 35.449438 seconds.
  path: Assets/Tileset/Terrain (16x16)_103.asset
  artifactKey: Guid(4f1e39265d066b349bce8beb94b9e24b) Importer(815301076,1909f56bfc062723c751e8b465ee728b)
Start importing Assets/Tileset/Terrain (16x16)_103.asset using Guid(4f1e39265d066b349bce8beb94b9e24b) Importer(815301076,1909f56bfc062723c751e8b465ee728b)  -> (artifact id: '8c37004d82f6fe5453f9e62f107adf19') in 0.020759 seconds
Number of updated asset objects reloaded before import = 0
Number of asset objects unloaded after import = 3
========================================================================
Received Import Request.
  Time since last request: 12.965291 seconds.
  path: Assets/Tileset/tileset_PNG_0.asset
  artifactKey: Guid(4a5de64a954e6064faa3b72e344d0a5b) Importer(815301076,1909f56bfc062723c751e8b465ee728b)
Start importing Assets/Tileset/tileset_PNG_0.asset using Guid(4a5de64a954e6064faa3b72e344d0a5b) Importer(815301076,1909f56bfc062723c751e8b465ee728b)  -> (artifact id: '06cf70b100c8714c8283e13c49cd2939') in 0.019550 seconds
Number of updated asset objects reloaded before import = 0
Number of asset objects unloaded after import = 3
========================================================================
Received Import Request.
  Time since last request: 0.000016 seconds.
  path: Assets/Tileset/tileset_PNG_2.asset
  artifactKey: Guid(5c6747cb6cabc6546976417538677fb7) Importer(815301076,1909f56bfc062723c751e8b465ee728b)
Start importing Assets/Tileset/tileset_PNG_2.asset using Guid(5c6747cb6cabc6546976417538677fb7) Importer(815301076,1909f56bfc062723c751e8b465ee728b)  -> (artifact id: 'f8c79dde607bd68ffc4f17b7df566aa9') in 0.024529 seconds
Number of updated asset objects reloaded before import = 0
Number of asset objects unloaded after import = 3
========================================================================
Received Import Request.
  Time since last request: 0.000016 seconds.
  path: Assets/Tileset/tileset_PNG_19.asset
  artifactKey: Guid(8cff057941fdc5241a55ab3dfcffce3e) Importer(815301076,1909f56bfc062723c751e8b465ee728b)
Start importing Assets/Tileset/tileset_PNG_19.asset using Guid(8cff057941fdc5241a55ab3dfcffce3e) Importer(815301076,1909f56bfc062723c751e8b465ee728b)  -> (artifact id: '5f4ad73a6a9575a5ff66b76c640358ff') in 0.019611 seconds
Number of updated asset objects reloaded before import = 0
Number of asset objects unloaded after import = 3
========================================================================
Received Import Request.
  Time since last request: 0.000018 seconds.
  path: Assets/Tileset/tileset_PNG_7.asset
  artifactKey: Guid(32d1584d0ccd4224f851941b6dbee988) Importer(815301076,1909f56bfc062723c751e8b465ee728b)
Start importing Assets/Tileset/tileset_PNG_7.asset using Guid(32d1584d0ccd4224f851941b6dbee988) Importer(815301076,1909f56bfc062723c751e8b465ee728b)  -> (artifact id: '7d8f4de293df69a7f693b4981fd0f3ef') in 0.025993 seconds
Number of updated asset objects reloaded before import = 0
Number of asset objects unloaded after import = 3
========================================================================
Received Import Request.
  Time since last request: 0.000024 seconds.
  path: Assets/Tileset/tileset_PNG_28.asset
  artifactKey: Guid(6e358f42f0825954cb015dd6624e1c1b) Importer(815301076,1909f56bfc062723c751e8b465ee728b)
Start importing Assets/Tileset/tileset_PNG_28.asset using Guid(6e358f42f0825954cb015dd6624e1c1b) Importer(815301076,1909f56bfc062723c751e8b465ee728b)  -> (artifact id: '2c14d36c26d6f982cf7ee0fcf5907250') in 0.023732 seconds
Number of updated asset objects reloaded before import = 0
Number of asset objects unloaded after import = 3
========================================================================
Received Import Request.
  Time since last request: 0.000026 seconds.
  path: Assets/Tileset/tileset_PNG_12.asset
  artifactKey: Guid(b16c70d445fad8e41a0856a66f32523f) Importer(815301076,1909f56bfc062723c751e8b465ee728b)
Start importing Assets/Tileset/tileset_PNG_12.asset using Guid(b16c70d445fad8e41a0856a66f32523f) Importer(815301076,1909f56bfc062723c751e8b465ee728b)  -> (artifact id: '1ef201869ee819681c827a7f0c5346f5') in 0.030660 seconds
Number of updated asset objects reloaded before import = 0
Number of asset objects unloaded after import = 3
========================================================================
Received Import Request.
  Time since last request: 0.000019 seconds.
  path: Assets/Tileset/tileset_PNG_11.asset
  artifactKey: Guid(5cbaccb2262ced54d9f952b62487bb5d) Importer(815301076,1909f56bfc062723c751e8b465ee728b)
Start importing Assets/Tileset/tileset_PNG_11.asset using Guid(5cbaccb2262ced54d9f952b62487bb5d) Importer(815301076,1909f56bfc062723c751e8b465ee728b)  -> (artifact id: 'a4ad23a547a4fd6868fcc196dfba5261') in 0.026419 seconds
Number of updated asset objects reloaded before import = 0
Number of asset objects unloaded after import = 3
========================================================================
Received Import Request.
  Time since last request: 0.000029 seconds.
  path: Assets/Tileset/tileset_PNG_17.asset
  artifactKey: Guid(50e27563cd2cfa440a7cc3fb03a15a9d) Importer(815301076,1909f56bfc062723c751e8b465ee728b)
Start importing Assets/Tileset/tileset_PNG_17.asset using Guid(50e27563cd2cfa440a7cc3fb03a15a9d) Importer(815301076,1909f56bfc062723c751e8b465ee728b)  -> (artifact id: '26588b17dfb8a57ff902e91bf1317130') in 0.020692 seconds
Number of updated asset objects reloaded before import = 0
Number of asset objects unloaded after import = 3
========================================================================
Received Import Request.
  Time since last request: 0.000020 seconds.
  path: Assets/Tileset/tileset_PNG_21.asset
  artifactKey: Guid(21e666d58e0727f4a9a3d32cd63f2e40) Importer(815301076,1909f56bfc062723c751e8b465ee728b)
Start importing Assets/Tileset/tileset_PNG_21.asset using Guid(21e666d58e0727f4a9a3d32cd63f2e40) Importer(815301076,1909f56bfc062723c751e8b465ee728b)  -> (artifact id: 'df7ca14e06906c9bee8091d2b897d79b') in 0.024438 seconds
Number of updated asset objects reloaded before import = 0
Number of asset objects unloaded after import = 3
========================================================================
Received Import Request.
  Time since last request: 0.000050 seconds.
  path: Assets/Tileset/tileset_PNG_24.asset
  artifactKey: Guid(b42b223c6dd8f38419b311b387d66755) Importer(815301076,1909f56bfc062723c751e8b465ee728b)
Start importing Assets/Tileset/tileset_PNG_24.asset using Guid(b42b223c6dd8f38419b311b387d66755) Importer(815301076,1909f56bfc062723c751e8b465ee728b)  -> (artifact id: '748561bf8e1932be416fa94c872e5a4d') in 0.020423 seconds
Number of updated asset objects reloaded before import = 0
Number of asset objects unloaded after import = 3
========================================================================
Received Import Request.
  Time since last request: 0.000026 seconds.
  path: Assets/Tileset/tileset_PNG_4.asset
  artifactKey: Guid(b54d08bcd7c40264fa535ca48991ee7c) Importer(815301076,1909f56bfc062723c751e8b465ee728b)
Start importing Assets/Tileset/tileset_PNG_4.asset using Guid(b54d08bcd7c40264fa535ca48991ee7c) Importer(815301076,1909f56bfc062723c751e8b465ee728b)  -> (artifact id: '00f04885dfcc5b11437b37af8224e047') in 0.022295 seconds
Number of updated asset objects reloaded before import = 0
Number of asset objects unloaded after import = 3
========================================================================
Received Import Request.
  Time since last request: 0.000018 seconds.
  path: Assets/Tileset/tileset_PNG_27.asset
  artifactKey: Guid(62318b6229774a24b9eef84dc7b1ecec) Importer(815301076,1909f56bfc062723c751e8b465ee728b)
Start importing Assets/Tileset/tileset_PNG_27.asset using Guid(62318b6229774a24b9eef84dc7b1ecec) Importer(815301076,1909f56bfc062723c751e8b465ee728b)  -> (artifact id: '14a90e05d5f94fb56c6dc2559811808a') in 0.026539 seconds
Number of updated asset objects reloaded before import = 0
Number of asset objects unloaded after import = 3
========================================================================
Received Import Request.
  Time since last request: 0.000038 seconds.
  path: Assets/Tileset/tileset_PNG_20.asset
  artifactKey: Guid(a4a27886365ea4343b5ab1172cc699eb) Importer(815301076,1909f56bfc062723c751e8b465ee728b)
Start importing Assets/Tileset/tileset_PNG_20.asset using Guid(a4a27886365ea4343b5ab1172cc699eb) Importer(815301076,1909f56bfc062723c751e8b465ee728b)  -> (artifact id: '13c668953047744776b9226d417031e7') in 0.023975 seconds
Number of updated asset objects reloaded before import = 0
Number of asset objects unloaded after import = 3
========================================================================
Received Import Request.
  Time since last request: 0.000016 seconds.
  path: Assets/Tileset/tileset_PNG_10.asset
  artifactKey: Guid(1a7cb55335899124584e4fd35609e3e1) Importer(815301076,1909f56bfc062723c751e8b465ee728b)
Start importing Assets/Tileset/tileset_PNG_10.asset using Guid(1a7cb55335899124584e4fd35609e3e1) Importer(815301076,1909f56bfc062723c751e8b465ee728b)  -> (artifact id: 'e7ab65b655e0f95e0365871d97f032e3') in 0.032430 seconds
Number of updated asset objects reloaded before import = 0
Number of asset objects unloaded after import = 3
========================================================================
Received Import Request.
  Time since last request: 0.000041 seconds.
  path: Assets/Tileset/tileset_PNG_22.asset
  artifactKey: Guid(15eba5a838a621a4db3a6b9cec871d34) Importer(815301076,1909f56bfc062723c751e8b465ee728b)
Start importing Assets/Tileset/tileset_PNG_22.asset using Guid(15eba5a838a621a4db3a6b9cec871d34) Importer(815301076,1909f56bfc062723c751e8b465ee728b)  -> (artifact id: '2d06b79339aa06ad2010680cdf265fb9') in 0.017722 seconds
Number of updated asset objects reloaded before import = 0
Number of asset objects unloaded after import = 3
========================================================================
Received Import Request.
  Time since last request: 0.000016 seconds.
  path: Assets/Tileset/tileset_PNG_18.asset
  artifactKey: Guid(d2d3e3568765b524a894436f9a19ac99) Importer(815301076,1909f56bfc062723c751e8b465ee728b)
Start importing Assets/Tileset/tileset_PNG_18.asset using Guid(d2d3e3568765b524a894436f9a19ac99) Importer(815301076,1909f56bfc062723c751e8b465ee728b)  -> (artifact id: '4bee14413621631219baa8b008759d74') in 0.026275 seconds
Number of updated asset objects reloaded before import = 0
Number of asset objects unloaded after import = 3
