Using pre-set license
Built from '2022.3/release' branch; Version is '2022.3.12f1 (4fe6e059c7ef) revision 5236448'; Using compiler version '192829333'; Build Type 'Release'
OS: 'Windows 11  (10.0.26100) 64bit Professional' Language: 'de' Physical Memory: 16087 MB
BatchMode: 1, IsHumanControllingUs: 0, StartBugReporterOnCrash: 0, Is64bit: 1, IsPro: 1

COMMAND LINE ARGUMENTS:
C:\Program Files\Unity\Hub\Editor\2022.3.12f1\Editor\Unity.exe
-adb2
-batchMode
-noUpm
-name
AssetImportWorker3
-projectPath
C:/Unity/Projects/SAP2_Parvus_Amicus
-logFile
Logs/AssetImportWorker3.log
-srvPort
57214
Successfully changed project path to: C:/Unity/Projects/SAP2_Parvus_Amicus
C:/Unity/Projects/SAP2_Parvus_Amicus
[UnityMemory] Configuration Parameters - Can be set up in boot.config
    "memorysetup-bucket-allocator-granularity=16"
    "memorysetup-bucket-allocator-bucket-count=8"
    "memorysetup-bucket-allocator-block-size=33554432"
    "memorysetup-bucket-allocator-block-count=8"
    "memorysetup-main-allocator-block-size=16777216"
    "memorysetup-thread-allocator-block-size=16777216"
    "memorysetup-gfx-main-allocator-block-size=16777216"
    "memorysetup-gfx-thread-allocator-block-size=16777216"
    "memorysetup-cache-allocator-block-size=4194304"
    "memorysetup-typetree-allocator-block-size=2097152"
    "memorysetup-profiler-bucket-allocator-granularity=16"
    "memorysetup-profiler-bucket-allocator-bucket-count=8"
    "memorysetup-profiler-bucket-allocator-block-size=33554432"
    "memorysetup-profiler-bucket-allocator-block-count=8"
    "memorysetup-profiler-allocator-block-size=16777216"
    "memorysetup-profiler-editor-allocator-block-size=1048576"
    "memorysetup-temp-allocator-size-main=16777216"
    "memorysetup-job-temp-allocator-block-size=2097152"
    "memorysetup-job-temp-allocator-block-size-background=1048576"
    "memorysetup-job-temp-allocator-reduction-small-platforms=262144"
    "memorysetup-allocator-temp-initial-block-size-main=262144"
    "memorysetup-allocator-temp-initial-block-size-worker=262144"
    "memorysetup-temp-allocator-size-background-worker=32768"
    "memorysetup-temp-allocator-size-job-worker=262144"
    "memorysetup-temp-allocator-size-preload-manager=33554432"
    "memorysetup-temp-allocator-size-nav-mesh-worker=65536"
    "memorysetup-temp-allocator-size-audio-worker=65536"
    "memorysetup-temp-allocator-size-cloud-worker=32768"
    "memorysetup-temp-allocator-size-gi-baking-worker=262144"
    "memorysetup-temp-allocator-size-gfx=262144"
Player connection [23860] Host "[IP] 25.60.206.144 [Port] 0 [Flags] 2 [Guid] 490707881 [EditorId] 490707881 [Version] 1048832 [Id] WindowsEditor(7,GamingLaptop) [Debug] 1 [PackageName] WindowsEditor [ProjectName] Editor" joined multi-casting on [225.0.0.222:54997]...

Player connection [23860] Host "[IP] 25.60.206.144 [Port] 0 [Flags] 2 [Guid] 490707881 [EditorId] 490707881 [Version] 1048832 [Id] WindowsEditor(7,GamingLaptop) [Debug] 1 [PackageName] WindowsEditor [ProjectName] Editor" joined alternative multi-casting on [225.0.0.222:34997]...

[Physics::Module] Initialized MultithreadedJobDispatcher with 15 workers.
Refreshing native plugins compatible for Editor in 542.43 ms, found 7 plugins.
Preloading 0 native plugins for Editor in 0.00 ms.
Initialize engine version: 2022.3.12f1 (4fe6e059c7ef)
[Subsystems] Discovering subsystems at path C:/Program Files/Unity/Hub/Editor/2022.3.12f1/Editor/Data/Resources/UnitySubsystems
[Subsystems] Discovering subsystems at path C:/Unity/Projects/SAP2_Parvus_Amicus/Assets
GfxDevice: creating device client; threaded=0; jobified=0
Direct3D:
    Version:  Direct3D 11.0 [level 11.1]
    Renderer: NVIDIA GeForce RTX 4070 Laptop GPU (ID=0x2820)
    Vendor:   NVIDIA
    VRAM:     7948 MB
    Driver:   32.0.15.7270
Initialize mono
Mono path[0] = 'C:/Program Files/Unity/Hub/Editor/2022.3.12f1/Editor/Data/Managed'
Mono path[1] = 'C:/Program Files/Unity/Hub/Editor/2022.3.12f1/Editor/Data/MonoBleedingEdge/lib/mono/unityjit-win32'
Mono config path = 'C:/Program Files/Unity/Hub/Editor/2022.3.12f1/Editor/Data/MonoBleedingEdge/etc'
Using monoOptions --debugger-agent=transport=dt_socket,embedding=1,server=y,suspend=n,address=127.0.0.1:56872
Begin MonoManager ReloadAssembly
Registering precompiled unity dll's ...
Register platform support module: C:/Program Files/Unity/Hub/Editor/2022.3.12f1/Editor/Data/PlaybackEngines/WindowsStandaloneSupport/UnityEditor.WindowsStandalone.Extensions.dll
Registered in 0.003713 seconds.
- Loaded All Assemblies, in  0.265 seconds
Native extension for WindowsStandalone target not found
Mono: successfully reloaded assembly
- Finished resetting the current domain, in  0.183 seconds
Domain Reload Profiling: 448ms
	BeginReloadAssembly (82ms)
		ExecutionOrderSort (0ms)
		DisableScriptedObjects (0ms)
		BackupInstance (0ms)
		ReleaseScriptingObjects (0ms)
		CreateAndSetChildDomain (1ms)
	RebuildCommonClasses (23ms)
	RebuildNativeTypeToScriptingClass (7ms)
	initialDomainReloadingComplete (38ms)
	LoadAllAssembliesAndSetupDomain (115ms)
		LoadAssemblies (81ms)
		RebuildTransferFunctionScriptingTraits (0ms)
		AnalyzeDomain (113ms)
			TypeCache.Refresh (111ms)
				TypeCache.ScanAssembly (102ms)
			ScanForSourceGeneratedMonoScriptInfo (0ms)
			ResolveRequiredComponents (0ms)
	FinalizeReload (184ms)
		ReleaseScriptCaches (0ms)
		RebuildScriptCaches (0ms)
		SetupLoadedEditorAssemblies (139ms)
			LogAssemblyErrors (0ms)
			InitializePlatformSupportModulesInManaged (6ms)
			SetLoadedEditorAssemblies (5ms)
			RefreshPlugins (0ms)
			BeforeProcessingInitializeOnLoad (1ms)
			ProcessInitializeOnLoadAttributes (88ms)
			ProcessInitializeOnLoadMethodAttributes (38ms)
			AfterProcessingInitializeOnLoad (0ms)
			EditorAssembliesLoaded (0ms)
		ExecutionOrderSort2 (0ms)
		AwakeInstancesAfterBackupRestoration (0ms)
========================================================================
Worker process is ready to serve import requests
Begin MonoManager ReloadAssembly
- Loaded All Assemblies, in  0.518 seconds
Refreshing native plugins compatible for Editor in 7.95 ms, found 7 plugins.
Native extension for WindowsStandalone target not found
Mono: successfully reloaded assembly
- Finished resetting the current domain, in  0.507 seconds
Domain Reload Profiling: 1023ms
	BeginReloadAssembly (105ms)
		ExecutionOrderSort (0ms)
		DisableScriptedObjects (3ms)
		BackupInstance (0ms)
		ReleaseScriptingObjects (0ms)
		CreateAndSetChildDomain (14ms)
	RebuildCommonClasses (22ms)
	RebuildNativeTypeToScriptingClass (7ms)
	initialDomainReloadingComplete (27ms)
	LoadAllAssembliesAndSetupDomain (355ms)
		LoadAssemblies (253ms)
		RebuildTransferFunctionScriptingTraits (0ms)
		AnalyzeDomain (167ms)
			TypeCache.Refresh (135ms)
				TypeCache.ScanAssembly (121ms)
			ScanForSourceGeneratedMonoScriptInfo (22ms)
			ResolveRequiredComponents (8ms)
	FinalizeReload (507ms)
		ReleaseScriptCaches (0ms)
		RebuildScriptCaches (0ms)
		SetupLoadedEditorAssemblies (385ms)
			LogAssemblyErrors (0ms)
			InitializePlatformSupportModulesInManaged (4ms)
			SetLoadedEditorAssemblies (3ms)
			RefreshPlugins (0ms)
			BeforeProcessingInitializeOnLoad (55ms)
			ProcessInitializeOnLoadAttributes (258ms)
			ProcessInitializeOnLoadMethodAttributes (61ms)
			AfterProcessingInitializeOnLoad (4ms)
			EditorAssembliesLoaded (0ms)
		ExecutionOrderSort2 (0ms)
		AwakeInstancesAfterBackupRestoration (5ms)
Launched and connected shader compiler UnityShaderCompiler.exe after 0.03 seconds
Refreshing native plugins compatible for Editor in 5.64 ms, found 7 plugins.
Preloading 0 native plugins for Editor in 0.00 ms.
Unloading 6041 Unused Serialized files (Serialized files now loaded: 0)
Unloading 117 unused Assets / (1.0 MB). Loaded Objects now: 6479.
Memory consumption went from 232.6 MB to 231.6 MB.
Total: 8.239400 ms (FindLiveObjects: 0.462700 ms CreateObjectMapping: 0.242800 ms MarkObjects: 6.871300 ms  DeleteObjects: 0.659100 ms)

AssetImportParameters requested are different than current active one (requested -> active):
  custom:container-demuxer-ogg: 62fdf1f143b41e24485cea50d1cbac27 -> 
  custom:video-codec-MediaFoundation-h265: 746d11721c4dcdbdad8f713fa42b33f4 -> 
  custom:video-decoder-ogg-theora: a1e56fd34408186e4bbccfd4996cb3dc -> 
  custom:framework-win-MediaFoundation: 216162199b28c13a410421893ffa2e32 -> 
  custom:CustomObjectIndexerAttribute: a3ef5dd2817f97addfee359851a9dba5 -> 
  custom:container-demuxer-webm: 4f35f7cbe854078d1ac9338744f61a02 -> 
  custom:container-muxer-webm: aa71ff27fc2769a1b78a27578f13a17b -> 
  custom:video-decoder-webm-vp8: 9c59270c3fd7afecdb556c50c9e8de78 -> 
  custom:SearchIndexIgnoredProperties: e643bd26f0fe6173181afceb89e7c659 -> 
  custom:AudioImporter_EditorPlatform: d09bf68614088b80899f8185d706f6e7 -> 
  custom:video-encoder-webm-vp8: eb34c28f22e8b96e1ab97ce403110664 -> 
  custom:audio-decoder-ogg-vorbis: bf7c407c2cedff20999df2af8eb42d56 -> 
  custom:audio-encoder-webm-vorbis: bf7c407c2cedff20999df2af8eb42d56 -> 
========================================================================
Received Import Request.
  Time since last request: 1122021.370018 seconds.
  path: Assets/Tileset/tileset_PNG_1.asset
  artifactKey: Guid(f2d9aa4815aadf94a90081e988d097aa) Importer(815301076,1909f56bfc062723c751e8b465ee728b)
Start importing Assets/Tileset/tileset_PNG_1.asset using Guid(f2d9aa4815aadf94a90081e988d097aa) Importer(815301076,1909f56bfc062723c751e8b465ee728b)  -> (artifact id: '09c7dc12615f0557f67861e77356611d') in 0.088106 seconds
Number of updated asset objects reloaded before import = 0
Number of asset objects unloaded after import = 3
========================================================================
Received Import Request.
  Time since last request: 0.000028 seconds.
  path: Assets/Tileset/tileset_PNG_9.asset
  artifactKey: Guid(8b27ff95bd1511a43b1789839a427f4c) Importer(815301076,1909f56bfc062723c751e8b465ee728b)
Start importing Assets/Tileset/tileset_PNG_9.asset using Guid(8b27ff95bd1511a43b1789839a427f4c) Importer(815301076,1909f56bfc062723c751e8b465ee728b)  -> (artifact id: '7f69824672bc61c7a8452860d8f40898') in 0.018446 seconds
Number of updated asset objects reloaded before import = 0
Number of asset objects unloaded after import = 3
========================================================================
Received Import Request.
  Time since last request: 0.000026 seconds.
  path: Assets/Tileset/tileset_PNG_26.asset
  artifactKey: Guid(7c78a79ed3840664ebcec6623d063757) Importer(815301076,1909f56bfc062723c751e8b465ee728b)
Start importing Assets/Tileset/tileset_PNG_26.asset using Guid(7c78a79ed3840664ebcec6623d063757) Importer(815301076,1909f56bfc062723c751e8b465ee728b)  -> (artifact id: 'cc644286a2fb466ac84cca3196f57164') in 0.018901 seconds
Number of updated asset objects reloaded before import = 0
Number of asset objects unloaded after import = 3
========================================================================
Received Import Request.
  Time since last request: 0.000059 seconds.
  path: Assets/Tileset/tileset_PNG_15.asset
  artifactKey: Guid(4a0a951777d4f8449a3c8e93c4cd93e3) Importer(815301076,1909f56bfc062723c751e8b465ee728b)
Start importing Assets/Tileset/tileset_PNG_15.asset using Guid(4a0a951777d4f8449a3c8e93c4cd93e3) Importer(815301076,1909f56bfc062723c751e8b465ee728b)  -> (artifact id: '3b6a3f554f2032dc531994f161c4695d') in 0.031863 seconds
Number of updated asset objects reloaded before import = 0
Number of asset objects unloaded after import = 3
========================================================================
Received Import Request.
  Time since last request: 0.000021 seconds.
  path: Assets/Tileset/tileset_PNG_13.asset
  artifactKey: Guid(94d74eb26eff78d4d8a03ea42b19f14b) Importer(815301076,1909f56bfc062723c751e8b465ee728b)
Start importing Assets/Tileset/tileset_PNG_13.asset using Guid(94d74eb26eff78d4d8a03ea42b19f14b) Importer(815301076,1909f56bfc062723c751e8b465ee728b)  -> (artifact id: '0393107d7e72ab978fbd68d2c80c1e0a') in 0.022325 seconds
Number of updated asset objects reloaded before import = 0
Number of asset objects unloaded after import = 3
========================================================================
Received Import Request.
  Time since last request: 0.000015 seconds.
  path: Assets/Tileset/tileset_PNG_8.asset
  artifactKey: Guid(a727d9b7e72743d43bbfa0180395557e) Importer(815301076,1909f56bfc062723c751e8b465ee728b)
Start importing Assets/Tileset/tileset_PNG_8.asset using Guid(a727d9b7e72743d43bbfa0180395557e) Importer(815301076,1909f56bfc062723c751e8b465ee728b)  -> (artifact id: '9d5f19991d0ef21c522daef1940bda04') in 0.018944 seconds
Number of updated asset objects reloaded before import = 0
Number of asset objects unloaded after import = 3
========================================================================
Received Import Request.
  Time since last request: 0.000022 seconds.
  path: Assets/Tileset/tileset_PNG_23.asset
  artifactKey: Guid(8cb592ea32756274494e2a28366b4e90) Importer(815301076,1909f56bfc062723c751e8b465ee728b)
Start importing Assets/Tileset/tileset_PNG_23.asset using Guid(8cb592ea32756274494e2a28366b4e90) Importer(815301076,1909f56bfc062723c751e8b465ee728b)  -> (artifact id: 'aeada264febaa457ee49f4f591b9cc25') in 0.025729 seconds
Number of updated asset objects reloaded before import = 0
Number of asset objects unloaded after import = 3
========================================================================
Received Import Request.
  Time since last request: 0.000045 seconds.
  path: Assets/Tileset/tileset_PNG_16.asset
  artifactKey: Guid(608985e80175d4646954eab8d695b766) Importer(815301076,1909f56bfc062723c751e8b465ee728b)
Start importing Assets/Tileset/tileset_PNG_16.asset using Guid(608985e80175d4646954eab8d695b766) Importer(815301076,1909f56bfc062723c751e8b465ee728b)  -> (artifact id: '678f91c026d77fbe8833b1d4e1e68355') in 0.020207 seconds
Number of updated asset objects reloaded before import = 0
Number of asset objects unloaded after import = 3
========================================================================
Received Import Request.
  Time since last request: 0.000013 seconds.
  path: Assets/Tileset/tileset_PNG_5.asset
  artifactKey: Guid(de397e37c7e29bc44971c08861872dc8) Importer(815301076,1909f56bfc062723c751e8b465ee728b)
Start importing Assets/Tileset/tileset_PNG_5.asset using Guid(de397e37c7e29bc44971c08861872dc8) Importer(815301076,1909f56bfc062723c751e8b465ee728b)  -> (artifact id: '1d893aed9804e9c23051d327161a2978') in 0.020714 seconds
Number of updated asset objects reloaded before import = 0
Number of asset objects unloaded after import = 3
========================================================================
Received Import Request.
  Time since last request: 0.000033 seconds.
  path: Assets/Tileset/tileset_PNG_14.asset
  artifactKey: Guid(737472d13d7386d4e820b924e689c10c) Importer(815301076,1909f56bfc062723c751e8b465ee728b)
Start importing Assets/Tileset/tileset_PNG_14.asset using Guid(737472d13d7386d4e820b924e689c10c) Importer(815301076,1909f56bfc062723c751e8b465ee728b)  -> (artifact id: '5016957ba6f91d3a87b6be08ec9d797f') in 0.025390 seconds
Number of updated asset objects reloaded before import = 0
Number of asset objects unloaded after import = 3
========================================================================
Received Import Request.
  Time since last request: 0.000050 seconds.
  path: Assets/Tileset/tileset_PNG_29.asset
  artifactKey: Guid(1c16491003114a54ca979a4e689a0c11) Importer(815301076,1909f56bfc062723c751e8b465ee728b)
Start importing Assets/Tileset/tileset_PNG_29.asset using Guid(1c16491003114a54ca979a4e689a0c11) Importer(815301076,1909f56bfc062723c751e8b465ee728b)  -> (artifact id: '437ed483385ddc5c6eb8970fdf9b0c69') in 0.024317 seconds
Number of updated asset objects reloaded before import = 0
Number of asset objects unloaded after import = 3
========================================================================
Received Import Request.
  Time since last request: 0.000018 seconds.
  path: Assets/Tileset/tileset_PNG_3.asset
  artifactKey: Guid(21076819b4496d2429ec62855f9a7601) Importer(815301076,1909f56bfc062723c751e8b465ee728b)
Start importing Assets/Tileset/tileset_PNG_3.asset using Guid(21076819b4496d2429ec62855f9a7601) Importer(815301076,1909f56bfc062723c751e8b465ee728b)  -> (artifact id: 'afb73c882a1b3a2a31d7dfdfbd8f6531') in 0.031967 seconds
Number of updated asset objects reloaded before import = 0
Number of asset objects unloaded after import = 3
========================================================================
Received Import Request.
  Time since last request: 0.000020 seconds.
  path: Assets/Tileset/tileset_PNG_25.asset
  artifactKey: Guid(f11d7f20ac3fdd64abfeef9bfb17aa8f) Importer(815301076,1909f56bfc062723c751e8b465ee728b)
Start importing Assets/Tileset/tileset_PNG_25.asset using Guid(f11d7f20ac3fdd64abfeef9bfb17aa8f) Importer(815301076,1909f56bfc062723c751e8b465ee728b)  -> (artifact id: '9050794d688d6ceea17275a934a84243') in 0.017589 seconds
Number of updated asset objects reloaded before import = 0
Number of asset objects unloaded after import = 3
========================================================================
Received Import Request.
  Time since last request: 0.000019 seconds.
  path: Assets/Tileset/tileset_PNG_6.asset
  artifactKey: Guid(7d23b4b92427eb248bdaa904b369d4c9) Importer(815301076,1909f56bfc062723c751e8b465ee728b)
Start importing Assets/Tileset/tileset_PNG_6.asset using Guid(7d23b4b92427eb248bdaa904b369d4c9) Importer(815301076,1909f56bfc062723c751e8b465ee728b)  -> (artifact id: '5642e17559c3e736c6f54635f44de421') in 0.017077 seconds
Number of updated asset objects reloaded before import = 0
Number of asset objects unloaded after import = 3
