Using pre-set license
Built from '2022.3/release' branch; Version is '2022.3.12f1 (4fe6e059c7ef) revision 5236448'; Using compiler version '192829333'; Build Type 'Release'
OS: 'Windows 11  (10.0.26100) 64bit Professional' Language: 'de' Physical Memory: 16087 MB
BatchMode: 1, IsHumanControllingUs: 0, StartBugReporterOnCrash: 0, Is64bit: 1, IsPro: 1

COMMAND LINE ARGUMENTS:
C:\Program Files\Unity\Hub\Editor\2022.3.12f1\Editor\Unity.exe
-adb2
-batchMode
-noUpm
-name
AssetImportWorker3
-projectPath
C:/Unity/Projects/SAP2_Parvus_Amicus
-logFile
Logs/AssetImportWorker3.log
-srvPort
62226
Successfully changed project path to: C:/Unity/Projects/SAP2_Parvus_Amicus
C:/Unity/Projects/SAP2_Parvus_Amicus
[UnityMemory] Configuration Parameters - Can be set up in boot.config
    "memorysetup-bucket-allocator-granularity=16"
    "memorysetup-bucket-allocator-bucket-count=8"
    "memorysetup-bucket-allocator-block-size=33554432"
    "memorysetup-bucket-allocator-block-count=8"
    "memorysetup-main-allocator-block-size=16777216"
    "memorysetup-thread-allocator-block-size=16777216"
    "memorysetup-gfx-main-allocator-block-size=16777216"
    "memorysetup-gfx-thread-allocator-block-size=16777216"
    "memorysetup-cache-allocator-block-size=4194304"
    "memorysetup-typetree-allocator-block-size=2097152"
    "memorysetup-profiler-bucket-allocator-granularity=16"
    "memorysetup-profiler-bucket-allocator-bucket-count=8"
    "memorysetup-profiler-bucket-allocator-block-size=33554432"
    "memorysetup-profiler-bucket-allocator-block-count=8"
    "memorysetup-profiler-allocator-block-size=16777216"
    "memorysetup-profiler-editor-allocator-block-size=1048576"
    "memorysetup-temp-allocator-size-main=16777216"
    "memorysetup-job-temp-allocator-block-size=2097152"
    "memorysetup-job-temp-allocator-block-size-background=1048576"
    "memorysetup-job-temp-allocator-reduction-small-platforms=262144"
    "memorysetup-allocator-temp-initial-block-size-main=262144"
    "memorysetup-allocator-temp-initial-block-size-worker=262144"
    "memorysetup-temp-allocator-size-background-worker=32768"
    "memorysetup-temp-allocator-size-job-worker=262144"
    "memorysetup-temp-allocator-size-preload-manager=33554432"
    "memorysetup-temp-allocator-size-nav-mesh-worker=65536"
    "memorysetup-temp-allocator-size-audio-worker=65536"
    "memorysetup-temp-allocator-size-cloud-worker=32768"
    "memorysetup-temp-allocator-size-gi-baking-worker=262144"
    "memorysetup-temp-allocator-size-gfx=262144"
Player connection [10528] Host "[IP] 25.60.206.144 [Port] 0 [Flags] 2 [Guid] 1469678700 [EditorId] 1469678700 [Version] 1048832 [Id] WindowsEditor(7,GamingLaptop) [Debug] 1 [PackageName] WindowsEditor [ProjectName] Editor" joined multi-casting on [225.0.0.222:54997]...

Player connection [10528] Host "[IP] 25.60.206.144 [Port] 0 [Flags] 2 [Guid] 1469678700 [EditorId] 1469678700 [Version] 1048832 [Id] WindowsEditor(7,GamingLaptop) [Debug] 1 [PackageName] WindowsEditor [ProjectName] Editor" joined alternative multi-casting on [225.0.0.222:34997]...

[Physics::Module] Initialized MultithreadedJobDispatcher with 15 workers.
Refreshing native plugins compatible for Editor in 7.83 ms, found 4 plugins.
Preloading 0 native plugins for Editor in 0.00 ms.
Initialize engine version: 2022.3.12f1 (4fe6e059c7ef)
[Subsystems] Discovering subsystems at path C:/Program Files/Unity/Hub/Editor/2022.3.12f1/Editor/Data/Resources/UnitySubsystems
[Subsystems] Discovering subsystems at path C:/Unity/Projects/SAP2_Parvus_Amicus/Assets
GfxDevice: creating device client; threaded=0; jobified=0
Direct3D:
    Version:  Direct3D 11.0 [level 11.1]
    Renderer: NVIDIA GeForce RTX 4070 Laptop GPU (ID=0x2820)
    Vendor:   NVIDIA
    VRAM:     7948 MB
    Driver:   32.0.15.7270
Initialize mono
Mono path[0] = 'C:/Program Files/Unity/Hub/Editor/2022.3.12f1/Editor/Data/Managed'
Mono path[1] = 'C:/Program Files/Unity/Hub/Editor/2022.3.12f1/Editor/Data/MonoBleedingEdge/lib/mono/unityjit-win32'
Mono config path = 'C:/Program Files/Unity/Hub/Editor/2022.3.12f1/Editor/Data/MonoBleedingEdge/etc'
Using monoOptions --debugger-agent=transport=dt_socket,embedding=1,server=y,suspend=n,address=127.0.0.1:56588
Begin MonoManager ReloadAssembly
Registering precompiled unity dll's ...
Register platform support module: C:/Program Files/Unity/Hub/Editor/2022.3.12f1/Editor/Data/PlaybackEngines/WindowsStandaloneSupport/UnityEditor.WindowsStandalone.Extensions.dll
Registered in 0.004442 seconds.
- Loaded All Assemblies, in  0.283 seconds
Native extension for WindowsStandalone target not found
Mono: successfully reloaded assembly
- Finished resetting the current domain, in  0.201 seconds
Domain Reload Profiling: 483ms
	BeginReloadAssembly (85ms)
		ExecutionOrderSort (0ms)
		DisableScriptedObjects (0ms)
		BackupInstance (0ms)
		ReleaseScriptingObjects (0ms)
		CreateAndSetChildDomain (0ms)
	RebuildCommonClasses (29ms)
	RebuildNativeTypeToScriptingClass (8ms)
	initialDomainReloadingComplete (45ms)
	LoadAllAssembliesAndSetupDomain (116ms)
		LoadAssemblies (84ms)
		RebuildTransferFunctionScriptingTraits (0ms)
		AnalyzeDomain (114ms)
			TypeCache.Refresh (113ms)
				TypeCache.ScanAssembly (102ms)
			ScanForSourceGeneratedMonoScriptInfo (0ms)
			ResolveRequiredComponents (0ms)
	FinalizeReload (201ms)
		ReleaseScriptCaches (0ms)
		RebuildScriptCaches (0ms)
		SetupLoadedEditorAssemblies (154ms)
			LogAssemblyErrors (0ms)
			InitializePlatformSupportModulesInManaged (6ms)
			SetLoadedEditorAssemblies (6ms)
			RefreshPlugins (0ms)
			BeforeProcessingInitializeOnLoad (2ms)
			ProcessInitializeOnLoadAttributes (105ms)
			ProcessInitializeOnLoadMethodAttributes (36ms)
			AfterProcessingInitializeOnLoad (0ms)
			EditorAssembliesLoaded (0ms)
		ExecutionOrderSort2 (0ms)
		AwakeInstancesAfterBackupRestoration (0ms)
========================================================================
Worker process is ready to serve import requests
Begin MonoManager ReloadAssembly
- Loaded All Assemblies, in  0.573 seconds
Refreshing native plugins compatible for Editor in 2.87 ms, found 4 plugins.
Native extension for WindowsStandalone target not found
Mono: successfully reloaded assembly
- Finished resetting the current domain, in  0.583 seconds
Domain Reload Profiling: 1156ms
	BeginReloadAssembly (119ms)
		ExecutionOrderSort (0ms)
		DisableScriptedObjects (3ms)
		BackupInstance (0ms)
		ReleaseScriptingObjects (0ms)
		CreateAndSetChildDomain (18ms)
	RebuildCommonClasses (23ms)
	RebuildNativeTypeToScriptingClass (8ms)
	initialDomainReloadingComplete (31ms)
	LoadAllAssembliesAndSetupDomain (392ms)
		LoadAssemblies (271ms)
		RebuildTransferFunctionScriptingTraits (0ms)
		AnalyzeDomain (189ms)
			TypeCache.Refresh (151ms)
				TypeCache.ScanAssembly (136ms)
			ScanForSourceGeneratedMonoScriptInfo (25ms)
			ResolveRequiredComponents (10ms)
	FinalizeReload (584ms)
		ReleaseScriptCaches (0ms)
		RebuildScriptCaches (0ms)
		SetupLoadedEditorAssemblies (423ms)
			LogAssemblyErrors (0ms)
			InitializePlatformSupportModulesInManaged (6ms)
			SetLoadedEditorAssemblies (4ms)
			RefreshPlugins (0ms)
			BeforeProcessingInitializeOnLoad (64ms)
			ProcessInitializeOnLoadAttributes (264ms)
			ProcessInitializeOnLoadMethodAttributes (82ms)
			AfterProcessingInitializeOnLoad (3ms)
			EditorAssembliesLoaded (0ms)
		ExecutionOrderSort2 (0ms)
		AwakeInstancesAfterBackupRestoration (9ms)
Launched and connected shader compiler UnityShaderCompiler.exe after 0.06 seconds
Refreshing native plugins compatible for Editor in 4.80 ms, found 4 plugins.
Preloading 0 native plugins for Editor in 0.00 ms.
Unloading 5689 Unused Serialized files (Serialized files now loaded: 0)
Unloading 98 unused Assets / (0.9 MB). Loaded Objects now: 6133.
Memory consumption went from 219.2 MB to 218.3 MB.
Total: 9.259000 ms (FindLiveObjects: 0.499200 ms CreateObjectMapping: 0.255500 ms MarkObjects: 7.751800 ms  DeleteObjects: 0.750100 ms)

AssetImportParameters requested are different than current active one (requested -> active):
  custom:container-demuxer-ogg: 62fdf1f143b41e24485cea50d1cbac27 -> 
  custom:video-codec-MediaFoundation-h265: 746d11721c4dcdbdad8f713fa42b33f4 -> 
  custom:video-decoder-ogg-theora: a1e56fd34408186e4bbccfd4996cb3dc -> 
  custom:framework-win-MediaFoundation: 216162199b28c13a410421893ffa2e32 -> 
  custom:CustomObjectIndexerAttribute: a3ef5dd2817f97addfee359851a9dba5 -> 
  custom:container-demuxer-webm: 4f35f7cbe854078d1ac9338744f61a02 -> 
  custom:container-muxer-webm: aa71ff27fc2769a1b78a27578f13a17b -> 
  custom:video-decoder-webm-vp8: 9c59270c3fd7afecdb556c50c9e8de78 -> 
  custom:SearchIndexIgnoredProperties: e643bd26f0fe6173181afceb89e7c659 -> 
  custom:AudioImporter_EditorPlatform: d09bf68614088b80899f8185d706f6e7 -> 
  custom:video-encoder-webm-vp8: eb34c28f22e8b96e1ab97ce403110664 -> 
  custom:audio-decoder-ogg-vorbis: bf7c407c2cedff20999df2af8eb42d56 -> 
  custom:audio-encoder-webm-vorbis: bf7c407c2cedff20999df2af8eb42d56 -> 
========================================================================
Received Import Request.
  Time since last request: 145899.653085 seconds.
  path: Assets/Tileset/Terrain (16x16)_20.asset
  artifactKey: Guid(af94611dc73c9664bba563181e076a61) Importer(815301076,1909f56bfc062723c751e8b465ee728b)
Start importing Assets/Tileset/Terrain (16x16)_20.asset using Guid(af94611dc73c9664bba563181e076a61) Importer(815301076,1909f56bfc062723c751e8b465ee728b)  -> (artifact id: 'd7750ef51619cbad98617abdd4284cfd') in 0.124922 seconds
Number of updated asset objects reloaded before import = 0
Number of asset objects unloaded after import = 3
========================================================================
Received Import Request.
  Time since last request: 0.000019 seconds.
  path: Assets/Tileset/Terrain (16x16)_15.asset
  artifactKey: Guid(1405726274514b84ebb2c2194b6d2531) Importer(815301076,1909f56bfc062723c751e8b465ee728b)
Start importing Assets/Tileset/Terrain (16x16)_15.asset using Guid(1405726274514b84ebb2c2194b6d2531) Importer(815301076,1909f56bfc062723c751e8b465ee728b)  -> (artifact id: 'a32cb8d773e74a099ff98e8e84bd3332') in 0.006790 seconds
Number of updated asset objects reloaded before import = 0
Number of asset objects unloaded after import = 3
========================================================================
Received Prepare
Begin MonoManager ReloadAssembly
- Loaded All Assemblies, in  0.366 seconds
Refreshing native plugins compatible for Editor in 2.87 ms, found 4 plugins.
Native extension for WindowsStandalone target not found
Mono: successfully reloaded assembly
- Finished resetting the current domain, in  0.940 seconds
Domain Reload Profiling: 1305ms
	BeginReloadAssembly (130ms)
		ExecutionOrderSort (0ms)
		DisableScriptedObjects (8ms)
		BackupInstance (0ms)
		ReleaseScriptingObjects (0ms)
		CreateAndSetChildDomain (37ms)
	RebuildCommonClasses (22ms)
	RebuildNativeTypeToScriptingClass (7ms)
	initialDomainReloadingComplete (21ms)
	LoadAllAssembliesAndSetupDomain (184ms)
		LoadAssemblies (229ms)
		RebuildTransferFunctionScriptingTraits (0ms)
		AnalyzeDomain (14ms)
			TypeCache.Refresh (5ms)
				TypeCache.ScanAssembly (0ms)
			ScanForSourceGeneratedMonoScriptInfo (0ms)
			ResolveRequiredComponents (7ms)
	FinalizeReload (941ms)
		ReleaseScriptCaches (0ms)
		RebuildScriptCaches (0ms)
		SetupLoadedEditorAssemblies (429ms)
			LogAssemblyErrors (0ms)
			InitializePlatformSupportModulesInManaged (5ms)
			SetLoadedEditorAssemblies (3ms)
			RefreshPlugins (0ms)
			BeforeProcessingInitializeOnLoad (70ms)
			ProcessInitializeOnLoadAttributes (273ms)
			ProcessInitializeOnLoadMethodAttributes (74ms)
			AfterProcessingInitializeOnLoad (4ms)
			EditorAssembliesLoaded (0ms)
		ExecutionOrderSort2 (0ms)
		AwakeInstancesAfterBackupRestoration (13ms)
Refreshing native plugins compatible for Editor in 5.34 ms, found 4 plugins.
Preloading 0 native plugins for Editor in 0.00 ms.
Unloading 5551 Unused Serialized files (Serialized files now loaded: 0)
Unloading 61 unused Assets / (0.9 MB). Loaded Objects now: 6145.
Memory consumption went from 202.5 MB to 201.6 MB.
Total: 6.364300 ms (FindLiveObjects: 0.427100 ms CreateObjectMapping: 0.306100 ms MarkObjects: 5.040900 ms  DeleteObjects: 0.587100 ms)

Prepare: number of updated asset objects reloaded= 0
AssetImportParameters requested are different than current active one (requested -> active):
  custom:container-demuxer-ogg: 62fdf1f143b41e24485cea50d1cbac27 -> 
  custom:video-codec-MediaFoundation-h265: 746d11721c4dcdbdad8f713fa42b33f4 -> 
  custom:video-decoder-ogg-theora: a1e56fd34408186e4bbccfd4996cb3dc -> 
  custom:framework-win-MediaFoundation: 216162199b28c13a410421893ffa2e32 -> 
  custom:CustomObjectIndexerAttribute: a3ef5dd2817f97addfee359851a9dba5 -> 
  custom:container-demuxer-webm: 4f35f7cbe854078d1ac9338744f61a02 -> 
  custom:container-muxer-webm: aa71ff27fc2769a1b78a27578f13a17b -> 
  custom:video-decoder-webm-vp8: 9c59270c3fd7afecdb556c50c9e8de78 -> 
  custom:SearchIndexIgnoredProperties: e643bd26f0fe6173181afceb89e7c659 -> 
  custom:AudioImporter_EditorPlatform: d09bf68614088b80899f8185d706f6e7 -> 
  custom:video-encoder-webm-vp8: eb34c28f22e8b96e1ab97ce403110664 -> 
  custom:audio-decoder-ogg-vorbis: bf7c407c2cedff20999df2af8eb42d56 -> 
  custom:audio-encoder-webm-vorbis: bf7c407c2cedff20999df2af8eb42d56 -> 
========================================================================
Received Import Request.
  Time since last request: 7.983151 seconds.
  path: Assets/Tileset/Terrain (16x16)_28.asset
  artifactKey: Guid(a83483f60b11bee4e9071a7ac2ceef36) Importer(815301076,1909f56bfc062723c751e8b465ee728b)
Start importing Assets/Tileset/Terrain (16x16)_28.asset using Guid(a83483f60b11bee4e9071a7ac2ceef36) Importer(815301076,1909f56bfc062723c751e8b465ee728b)  -> (artifact id: 'ff0dbad70250522c9fd8195f91b3b79c') in 0.056933 seconds
Number of updated asset objects reloaded before import = 0
Number of asset objects unloaded after import = 3
========================================================================
Received Import Request.
  Time since last request: 0.000055 seconds.
  path: Assets/Tileset/Terrain (16x16)_62.asset
  artifactKey: Guid(b03b7a145c94a4d41911bdc4fac1e5f9) Importer(815301076,1909f56bfc062723c751e8b465ee728b)
Start importing Assets/Tileset/Terrain (16x16)_62.asset using Guid(b03b7a145c94a4d41911bdc4fac1e5f9) Importer(815301076,1909f56bfc062723c751e8b465ee728b)  -> (artifact id: '414bc091ffdb95df40639e41da1b576e') in 0.005519 seconds
Number of updated asset objects reloaded before import = 0
Number of asset objects unloaded after import = 3
========================================================================
Received Import Request.
  Time since last request: 0.000015 seconds.
  path: Assets/Tileset/Terrain (16x16)_34.asset
  artifactKey: Guid(eeab8e3a075f6c549b72083c7f297905) Importer(815301076,1909f56bfc062723c751e8b465ee728b)
Start importing Assets/Tileset/Terrain (16x16)_34.asset using Guid(eeab8e3a075f6c549b72083c7f297905) Importer(815301076,1909f56bfc062723c751e8b465ee728b)  -> (artifact id: '4830114149c426cbbb3287a618b8aec3') in 0.010390 seconds
Number of updated asset objects reloaded before import = 0
Number of asset objects unloaded after import = 3
========================================================================
Received Import Request.
  Time since last request: 0.000013 seconds.
  path: Assets/Tileset/Terrain (16x16)_37.asset
  artifactKey: Guid(d753a67a3bb852344875f5dafef5a7c7) Importer(815301076,1909f56bfc062723c751e8b465ee728b)
Start importing Assets/Tileset/Terrain (16x16)_37.asset using Guid(d753a67a3bb852344875f5dafef5a7c7) Importer(815301076,1909f56bfc062723c751e8b465ee728b)  -> (artifact id: '028a6ce1f37d94b90e7a84829f7e0558') in 0.006005 seconds
Number of updated asset objects reloaded before import = 0
Number of asset objects unloaded after import = 3
========================================================================
Received Import Request.
  Time since last request: 0.000013 seconds.
  path: Assets/Tileset/Terrain (16x16)_32.asset
  artifactKey: Guid(9ba429b2bcdd65d4f90af212ee12e989) Importer(815301076,1909f56bfc062723c751e8b465ee728b)
Start importing Assets/Tileset/Terrain (16x16)_32.asset using Guid(9ba429b2bcdd65d4f90af212ee12e989) Importer(815301076,1909f56bfc062723c751e8b465ee728b)  -> (artifact id: '0cba1de9dd15aad6cd41dc8f1eb67c87') in 0.007751 seconds
Number of updated asset objects reloaded before import = 0
Number of asset objects unloaded after import = 3
========================================================================
Received Import Request.
  Time since last request: 0.000016 seconds.
  path: Assets/Tileset/Terrain (16x16)_42.asset
  artifactKey: Guid(cef54585f15992541951412aebf5195f) Importer(815301076,1909f56bfc062723c751e8b465ee728b)
Start importing Assets/Tileset/Terrain (16x16)_42.asset using Guid(cef54585f15992541951412aebf5195f) Importer(815301076,1909f56bfc062723c751e8b465ee728b)  -> (artifact id: '391aeb54803842f67a87b712ec9f6cd1') in 0.005942 seconds
Number of updated asset objects reloaded before import = 0
Number of asset objects unloaded after import = 3
========================================================================
Received Import Request.
  Time since last request: 0.000013 seconds.
  path: Assets/Tileset/Terrain (16x16)_55.asset
  artifactKey: Guid(182da157145e3ac4aa663927d790b8e2) Importer(815301076,1909f56bfc062723c751e8b465ee728b)
Start importing Assets/Tileset/Terrain (16x16)_55.asset using Guid(182da157145e3ac4aa663927d790b8e2) Importer(815301076,1909f56bfc062723c751e8b465ee728b)  -> (artifact id: '9ef650f38620420b9983e4b0ede67dfc') in 0.006139 seconds
Number of updated asset objects reloaded before import = 0
Number of asset objects unloaded after import = 3
========================================================================
Received Import Request.
  Time since last request: 0.000014 seconds.
  path: Assets/Tileset/Terrain (16x16)_53.asset
  artifactKey: Guid(5750e03ba0ba5194782f604edbb2427f) Importer(815301076,1909f56bfc062723c751e8b465ee728b)
Start importing Assets/Tileset/Terrain (16x16)_53.asset using Guid(5750e03ba0ba5194782f604edbb2427f) Importer(815301076,1909f56bfc062723c751e8b465ee728b)  -> (artifact id: 'd33d714a1631b115b095802cc7172228') in 0.005044 seconds
Number of updated asset objects reloaded before import = 0
Number of asset objects unloaded after import = 3
========================================================================
Received Import Request.
  Time since last request: 0.000013 seconds.
  path: Assets/Tileset/Terrain (16x16)_46.asset
  artifactKey: Guid(6943cab8f5291ba419f5d7eb43d60106) Importer(815301076,1909f56bfc062723c751e8b465ee728b)
Start importing Assets/Tileset/Terrain (16x16)_46.asset using Guid(6943cab8f5291ba419f5d7eb43d60106) Importer(815301076,1909f56bfc062723c751e8b465ee728b)  -> (artifact id: '32931bfa872896af74a1aa1ce02a0533') in 0.006465 seconds
Number of updated asset objects reloaded before import = 0
Number of asset objects unloaded after import = 3
========================================================================
Received Import Request.
  Time since last request: 0.000064 seconds.
  path: Assets/Tileset/Terrain (16x16)_48.asset
  artifactKey: Guid(ef835700e13a4d147845ac521bb10314) Importer(815301076,1909f56bfc062723c751e8b465ee728b)
Start importing Assets/Tileset/Terrain (16x16)_48.asset using Guid(ef835700e13a4d147845ac521bb10314) Importer(815301076,1909f56bfc062723c751e8b465ee728b)  -> (artifact id: '8967b75b3631f21972fa2388096718fa') in 0.006966 seconds
Number of updated asset objects reloaded before import = 0
Number of asset objects unloaded after import = 3
========================================================================
Received Import Request.
  Time since last request: 0.000051 seconds.
  path: Assets/Tileset/Terrain (16x16)_44.asset
  artifactKey: Guid(c52dc2ae9fe742c498ee761271998195) Importer(815301076,1909f56bfc062723c751e8b465ee728b)
Start importing Assets/Tileset/Terrain (16x16)_44.asset using Guid(c52dc2ae9fe742c498ee761271998195) Importer(815301076,1909f56bfc062723c751e8b465ee728b)  -> (artifact id: '66323696626418b994f5bc08b6a003e9') in 0.007808 seconds
Number of updated asset objects reloaded before import = 0
Number of asset objects unloaded after import = 3
========================================================================
Received Import Request.
  Time since last request: 517.559101 seconds.
  path: Assets/Pixel Adventure 1/Assets/Items/Fruits/Apple.png
  artifactKey: Guid(1ddc9afd21fec77489b1248d18f31b68) Importer(815301076,1909f56bfc062723c751e8b465ee728b)
Start importing Assets/Pixel Adventure 1/Assets/Items/Fruits/Apple.png using Guid(1ddc9afd21fec77489b1248d18f31b68) Importer(815301076,1909f56bfc062723c751e8b465ee728b)  -> (artifact id: '5237ddd83dddff51b63955df888f18c7') in 0.058024 seconds
Number of updated asset objects reloaded before import = 0
Number of asset objects unloaded after import = 19
========================================================================
Received Import Request.
  Time since last request: 5.840880 seconds.
  path: Assets/Pixel Adventure 1/Assets/Items/Boxes/Box1/Break (28x24).png
  artifactKey: Guid(79022f0c1a1c5ce42bcba2ca880ef7fe) Importer(815301076,1909f56bfc062723c751e8b465ee728b)
Start importing Assets/Pixel Adventure 1/Assets/Items/Boxes/Box1/Break (28x24).png using Guid(79022f0c1a1c5ce42bcba2ca880ef7fe) Importer(815301076,1909f56bfc062723c751e8b465ee728b)  -> (artifact id: '493784fc78312c20ec48b32f832bd363') in 0.042886 seconds
Number of updated asset objects reloaded before import = 0
Number of asset objects unloaded after import = 6
========================================================================
Received Import Request.
  Time since last request: 0.000025 seconds.
  path: Assets/Pixel Adventure 1/Assets/Items/Boxes/Box2/Break (28x24).png
  artifactKey: Guid(a766483fddea6b64f827838e089d1970) Importer(815301076,1909f56bfc062723c751e8b465ee728b)
Start importing Assets/Pixel Adventure 1/Assets/Items/Boxes/Box2/Break (28x24).png using Guid(a766483fddea6b64f827838e089d1970) Importer(815301076,1909f56bfc062723c751e8b465ee728b)  -> (artifact id: '5c5dd57689ef41dc07179ed530a663d6') in 0.026919 seconds
Number of updated asset objects reloaded before import = 0
Number of asset objects unloaded after import = 6
========================================================================
Received Import Request.
  Time since last request: 0.055034 seconds.
  path: Assets/Pixel Adventure 1/Assets/Traps/Platforms/Brown Off.png
  artifactKey: Guid(2cebb83e3d9b5b247be3eb722143beb7) Importer(815301076,1909f56bfc062723c751e8b465ee728b)
Start importing Assets/Pixel Adventure 1/Assets/Traps/Platforms/Brown Off.png using Guid(2cebb83e3d9b5b247be3eb722143beb7) Importer(815301076,1909f56bfc062723c751e8b465ee728b)  -> (artifact id: 'bbce2117b4a1674cb73c8fdebd492f96') in 0.059917 seconds
Number of updated asset objects reloaded before import = 0
Number of asset objects unloaded after import = 3
========================================================================
Received Import Request.
  Time since last request: 0.000111 seconds.
  path: Assets/Pixel Adventure 1/Assets/Traps/Platforms/Chain.png
  artifactKey: Guid(d9c5a449db91d51488798b761c22fb97) Importer(815301076,1909f56bfc062723c751e8b465ee728b)
Start importing Assets/Pixel Adventure 1/Assets/Traps/Platforms/Chain.png using Guid(d9c5a449db91d51488798b761c22fb97) Importer(815301076,1909f56bfc062723c751e8b465ee728b)  -> (artifact id: '996e46eea06a41fd5c5ae6c4873b99ef') in 0.022126 seconds
Number of updated asset objects reloaded before import = 0
Number of asset objects unloaded after import = 3
========================================================================
Received Import Request.
  Time since last request: 0.000129 seconds.
  path: Assets/Pixel Adventure 1/Assets/Items/Checkpoints/Checkpoint/Checkpoint (Flag Idle)(64x64).png
  artifactKey: Guid(27a107940057e8743a507269b18a691a) Importer(815301076,1909f56bfc062723c751e8b465ee728b)
Start importing Assets/Pixel Adventure 1/Assets/Items/Checkpoints/Checkpoint/Checkpoint (Flag Idle)(64x64).png using Guid(27a107940057e8743a507269b18a691a) Importer(815301076,1909f56bfc062723c751e8b465ee728b)  -> (artifact id: '7270b3b6cae677c1d3d19f265fbe0534') in 0.033154 seconds
Number of updated asset objects reloaded before import = 0
Number of asset objects unloaded after import = 12
========================================================================
Received Import Request.
  Time since last request: 0.000019 seconds.
  path: Assets/Pixel Adventure 1/Assets/Traps/Platforms/Brown On (32x8).png
  artifactKey: Guid(e242b62e7e6caee439fa1d024a8fa5bb) Importer(815301076,1909f56bfc062723c751e8b465ee728b)
Start importing Assets/Pixel Adventure 1/Assets/Traps/Platforms/Brown On (32x8).png using Guid(e242b62e7e6caee439fa1d024a8fa5bb) Importer(815301076,1909f56bfc062723c751e8b465ee728b)  -> (artifact id: 'dc085a6786b4e3f2398e21f1856e060d') in 0.031370 seconds
Number of updated asset objects reloaded before import = 0
Number of asset objects unloaded after import = 10
========================================================================
Received Import Request.
  Time since last request: 0.000013 seconds.
  path: Assets/Pixel Adventure 1/Assets/Traps/Saw/Chain.png
  artifactKey: Guid(c67ce4f5bcebc8943a10698b6614f86f) Importer(815301076,1909f56bfc062723c751e8b465ee728b)
Start importing Assets/Pixel Adventure 1/Assets/Traps/Saw/Chain.png using Guid(c67ce4f5bcebc8943a10698b6614f86f) Importer(815301076,1909f56bfc062723c751e8b465ee728b)  -> (artifact id: '613b3878efed5ce3f7a558881d675532') in 0.019019 seconds
Number of updated asset objects reloaded before import = 0
Number of asset objects unloaded after import = 3
========================================================================
Received Import Request.
  Time since last request: 0.000067 seconds.
  path: Assets/Pixel Adventure 1/Assets/Items/Checkpoints/Checkpoint/Checkpoint (No Flag).png
  artifactKey: Guid(68f54e5fc0fa326458d3e18bdccce704) Importer(815301076,1909f56bfc062723c751e8b465ee728b)
Start importing Assets/Pixel Adventure 1/Assets/Items/Checkpoints/Checkpoint/Checkpoint (No Flag).png using Guid(68f54e5fc0fa326458d3e18bdccce704) Importer(815301076,1909f56bfc062723c751e8b465ee728b)  -> (artifact id: 'be5c891b04dfad0212a824daa07d1443') in 0.020837 seconds
Number of updated asset objects reloaded before import = 0
Number of asset objects unloaded after import = 3
========================================================================
Received Import Request.
  Time since last request: 0.997510 seconds.
  path: Assets/Pixel Adventure 1/Assets/Main Characters/Virtual Guy/Double Jump (32x32).png
  artifactKey: Guid(62a315a8619ac644f899c29e008115c0) Importer(815301076,1909f56bfc062723c751e8b465ee728b)
Start importing Assets/Pixel Adventure 1/Assets/Main Characters/Virtual Guy/Double Jump (32x32).png using Guid(62a315a8619ac644f899c29e008115c0) Importer(815301076,1909f56bfc062723c751e8b465ee728b)  -> (artifact id: 'aa6e8217e9ef480e0b70d4c5a9562f74') in 0.032996 seconds
Number of updated asset objects reloaded before import = 0
Number of asset objects unloaded after import = 8
========================================================================
Received Import Request.
  Time since last request: 0.000048 seconds.
  path: Assets/Pixel Adventure 1/Assets/Main Characters/Pink Man/Double Jump (32x32).png
  artifactKey: Guid(5fd9f3ec1e3e0bc4d8e308e10012a36a) Importer(815301076,1909f56bfc062723c751e8b465ee728b)
Start importing Assets/Pixel Adventure 1/Assets/Main Characters/Pink Man/Double Jump (32x32).png using Guid(5fd9f3ec1e3e0bc4d8e308e10012a36a) Importer(815301076,1909f56bfc062723c751e8b465ee728b)  -> (artifact id: 'e0156b2d984f439b0dae38edee0d1701') in 0.026078 seconds
Number of updated asset objects reloaded before import = 0
Number of asset objects unloaded after import = 8
========================================================================
Received Import Request.
  Time since last request: 1.688910 seconds.
  path: Assets/Pixel Adventure 1/Assets/Items/Checkpoints/End/End (Pressed) (64x64).png
  artifactKey: Guid(e2b42ecdf887de146ada435603f4c95b) Importer(815301076,1909f56bfc062723c751e8b465ee728b)
Start importing Assets/Pixel Adventure 1/Assets/Items/Checkpoints/End/End (Pressed) (64x64).png using Guid(e2b42ecdf887de146ada435603f4c95b) Importer(815301076,1909f56bfc062723c751e8b465ee728b)  -> (artifact id: '277e36880d155473ad65b89ca249320e') in 0.048437 seconds
Number of updated asset objects reloaded before import = 0
Number of asset objects unloaded after import = 10
========================================================================
Received Import Request.
  Time since last request: 0.000015 seconds.
  path: Assets/Pixel Adventure 1/Assets/Background/Gray.png
  artifactKey: Guid(ffc80c129c9aca14c9fb4dbeba0e10d2) Importer(815301076,1909f56bfc062723c751e8b465ee728b)
Start importing Assets/Pixel Adventure 1/Assets/Background/Gray.png using Guid(ffc80c129c9aca14c9fb4dbeba0e10d2) Importer(815301076,1909f56bfc062723c751e8b465ee728b)  -> (artifact id: '45b37bade0bad483a23e635f74c9146c') in 0.024931 seconds
Number of updated asset objects reloaded before import = 0
Number of asset objects unloaded after import = 3
========================================================================
Received Import Request.
  Time since last request: 0.000142 seconds.
  path: Assets/Pixel Adventure 1/Assets/Background/Green.png
  artifactKey: Guid(2538710101d0f1f4e8976b3495cd1f75) Importer(815301076,1909f56bfc062723c751e8b465ee728b)
Start importing Assets/Pixel Adventure 1/Assets/Background/Green.png using Guid(2538710101d0f1f4e8976b3495cd1f75) Importer(815301076,1909f56bfc062723c751e8b465ee728b)  -> (artifact id: '40be902f17f304e108b946ce5c56b993') in 0.025382 seconds
Number of updated asset objects reloaded before import = 0
Number of asset objects unloaded after import = 3
========================================================================
Received Import Request.
  Time since last request: 0.000017 seconds.
  path: Assets/Pixel Adventure 1/Assets/Main Characters/Virtual Guy/Hit (32x32).png
  artifactKey: Guid(0b4768f2ab470f44ca33fa59836a0774) Importer(815301076,1909f56bfc062723c751e8b465ee728b)
Start importing Assets/Pixel Adventure 1/Assets/Main Characters/Virtual Guy/Hit (32x32).png using Guid(0b4768f2ab470f44ca33fa59836a0774) Importer(815301076,1909f56bfc062723c751e8b465ee728b)  -> (artifact id: '56e0f21f290260650ff502213d9e4779') in 0.030197 seconds
Number of updated asset objects reloaded before import = 0
Number of asset objects unloaded after import = 9
========================================================================
Received Import Request.
  Time since last request: 0.000023 seconds.
  path: Assets/Pixel Adventure 1/Assets/Items/Boxes/Box2/Hit (28x24).png
  artifactKey: Guid(666cdca5ea5798c4c83a4ef4b87d64c4) Importer(815301076,1909f56bfc062723c751e8b465ee728b)
Start importing Assets/Pixel Adventure 1/Assets/Items/Boxes/Box2/Hit (28x24).png using Guid(666cdca5ea5798c4c83a4ef4b87d64c4) Importer(815301076,1909f56bfc062723c751e8b465ee728b)  -> (artifact id: '7cb40421fed2b6cd114326e5307b183d') in 0.023308 seconds
Number of updated asset objects reloaded before import = 0
Number of asset objects unloaded after import = 6
========================================================================
Received Import Request.
  Time since last request: 0.000038 seconds.
  path: Assets/Pixel Adventure 1/Assets/Items/Boxes/Box1/Hit (28x24).png
  artifactKey: Guid(e3ec232265f6ad147aa2aa71472516d9) Importer(815301076,1909f56bfc062723c751e8b465ee728b)
Start importing Assets/Pixel Adventure 1/Assets/Items/Boxes/Box1/Hit (28x24).png using Guid(e3ec232265f6ad147aa2aa71472516d9) Importer(815301076,1909f56bfc062723c751e8b465ee728b)  -> (artifact id: '7b8f84e9045255c4c59e405a8c1db5c0') in 0.022051 seconds
Number of updated asset objects reloaded before import = 0
Number of asset objects unloaded after import = 5
========================================================================
Received Import Request.
  Time since last request: 0.000029 seconds.
  path: Assets/Pixel Adventure 1/Assets/Main Characters/Mask Dude/Hit (32x32).png
  artifactKey: Guid(b234dd527243d1042a19b2cf7ef17cd7) Importer(815301076,1909f56bfc062723c751e8b465ee728b)
Start importing Assets/Pixel Adventure 1/Assets/Main Characters/Mask Dude/Hit (32x32).png using Guid(b234dd527243d1042a19b2cf7ef17cd7) Importer(815301076,1909f56bfc062723c751e8b465ee728b)  -> (artifact id: '59e42cd9c8e7d1fa39ea2e3ffd281b29') in 0.032051 seconds
Number of updated asset objects reloaded before import = 0
Number of asset objects unloaded after import = 9
========================================================================
Received Import Request.
  Time since last request: 0.000015 seconds.
  path: Assets/Pixel Adventure 1/Assets/Main Characters/Ninja Frog/Fall (32x32).png
  artifactKey: Guid(b6d14bcb8d9dbb349beb9d3619096732) Importer(815301076,1909f56bfc062723c751e8b465ee728b)
Start importing Assets/Pixel Adventure 1/Assets/Main Characters/Ninja Frog/Fall (32x32).png using Guid(b6d14bcb8d9dbb349beb9d3619096732) Importer(815301076,1909f56bfc062723c751e8b465ee728b)  -> (artifact id: '8be8baba18bb19817b1cd3b45d591ee3') in 0.018464 seconds
Number of updated asset objects reloaded before import = 0
Number of asset objects unloaded after import = 3
========================================================================
Received Import Request.
  Time since last request: 0.000014 seconds.
  path: Assets/Pixel Adventure 1/Assets/Main Characters/Virtual Guy/Fall (32x32).png
  artifactKey: Guid(5c8b2ada1a819a54e8c051165c738f18) Importer(815301076,1909f56bfc062723c751e8b465ee728b)
Start importing Assets/Pixel Adventure 1/Assets/Main Characters/Virtual Guy/Fall (32x32).png using Guid(5c8b2ada1a819a54e8c051165c738f18) Importer(815301076,1909f56bfc062723c751e8b465ee728b)  -> (artifact id: '614078257e518871e3c626d5445dd72a') in 0.021147 seconds
Number of updated asset objects reloaded before import = 0
Number of asset objects unloaded after import = 3
========================================================================
Received Import Request.
  Time since last request: 5.010574 seconds.
  path: Assets/Pixel Adventure 1/Assets/Traps/Blocks/Idle.png
  artifactKey: Guid(8d9b0e740a31fbf448f91aaf8ea38ff8) Importer(815301076,1909f56bfc062723c751e8b465ee728b)
Start importing Assets/Pixel Adventure 1/Assets/Traps/Blocks/Idle.png using Guid(8d9b0e740a31fbf448f91aaf8ea38ff8) Importer(815301076,1909f56bfc062723c751e8b465ee728b)  -> (artifact id: '3b7e7a33d082d31ce1e79b1fb831e890') in 0.022031 seconds
Number of updated asset objects reloaded before import = 0
Number of asset objects unloaded after import = 3
========================================================================
Received Import Request.
  Time since last request: 0.235951 seconds.
  path: Assets/Pixel Adventure 1/Assets/Traps/Trampoline/Idle.png
  artifactKey: Guid(82025043983216e4dbc6a6805bc1d02e) Importer(815301076,1909f56bfc062723c751e8b465ee728b)
Start importing Assets/Pixel Adventure 1/Assets/Traps/Trampoline/Idle.png using Guid(82025043983216e4dbc6a6805bc1d02e) Importer(815301076,1909f56bfc062723c751e8b465ee728b)  -> (artifact id: 'be28c21d6bd32abe910655301cdb1c7f') in 0.018448 seconds
Number of updated asset objects reloaded before import = 0
Number of asset objects unloaded after import = 3
========================================================================
Received Import Request.
  Time since last request: 0.026316 seconds.
  path: Assets/Pixel Adventure 1/Assets/Items/Boxes/Box2/Idle.png
  artifactKey: Guid(f7472d29deaa7414abffd38318319096) Importer(815301076,1909f56bfc062723c751e8b465ee728b)
Start importing Assets/Pixel Adventure 1/Assets/Items/Boxes/Box2/Idle.png using Guid(f7472d29deaa7414abffd38318319096) Importer(815301076,1909f56bfc062723c751e8b465ee728b)  -> (artifact id: '8178fca16beae462522c69cee9f47062') in 0.021600 seconds
Number of updated asset objects reloaded before import = 0
Number of asset objects unloaded after import = 3
========================================================================
Received Import Request.
  Time since last request: 0.900107 seconds.
  path: Assets/Pixel Adventure 1/Assets/Traps/Spike Head/Idle.png
  artifactKey: Guid(1508ab85aab80754fb0213cd79267961) Importer(815301076,1909f56bfc062723c751e8b465ee728b)
Start importing Assets/Pixel Adventure 1/Assets/Traps/Spike Head/Idle.png using Guid(1508ab85aab80754fb0213cd79267961) Importer(815301076,1909f56bfc062723c751e8b465ee728b)  -> (artifact id: 'f05782aa6895bdcaa9f81d0af4e0488c') in 0.041597 seconds
Number of updated asset objects reloaded before import = 0
Number of asset objects unloaded after import = 3
========================================================================
Received Import Request.
  Time since last request: 0.001548 seconds.
  path: Assets/Pixel Adventure 1/Assets/Main Characters/Mask Dude/Idle (32x32).png
  artifactKey: Guid(3750f45c844123341b9a777a96cb1eca) Importer(815301076,1909f56bfc062723c751e8b465ee728b)
Start importing Assets/Pixel Adventure 1/Assets/Main Characters/Mask Dude/Idle (32x32).png using Guid(3750f45c844123341b9a777a96cb1eca) Importer(815301076,1909f56bfc062723c751e8b465ee728b)  -> (artifact id: '34c9860b409eeabc517a65451b6b5967') in 0.063220 seconds
Number of updated asset objects reloaded before import = 0
Number of asset objects unloaded after import = 13
========================================================================
Received Import Request.
  Time since last request: 0.000022 seconds.
  path: Assets/Pixel Adventure 1/Assets/Main Characters/Virtual Guy/Idle (32x32).png
  artifactKey: Guid(40de9a8703e2e5a47882b0b86451c741) Importer(815301076,1909f56bfc062723c751e8b465ee728b)
Start importing Assets/Pixel Adventure 1/Assets/Main Characters/Virtual Guy/Idle (32x32).png using Guid(40de9a8703e2e5a47882b0b86451c741) Importer(815301076,1909f56bfc062723c751e8b465ee728b)  -> (artifact id: 'e87aec3e66a123905de8db7632acb636') in 0.040698 seconds
Number of updated asset objects reloaded before import = 0
Number of asset objects unloaded after import = 13
========================================================================
Received Import Request.
  Time since last request: 0.000031 seconds.
  path: Assets/Pixel Adventure 1/Assets/Main Characters/Pink Man/Idle (32x32).png
  artifactKey: Guid(d348dff3819df794186a80cb95777629) Importer(815301076,1909f56bfc062723c751e8b465ee728b)
Start importing Assets/Pixel Adventure 1/Assets/Main Characters/Pink Man/Idle (32x32).png using Guid(d348dff3819df794186a80cb95777629) Importer(815301076,1909f56bfc062723c751e8b465ee728b)  -> (artifact id: '7f7007e83c4330a931ede98a8b5bbea6') in 0.031780 seconds
Number of updated asset objects reloaded before import = 0
Number of asset objects unloaded after import = 13
========================================================================
Received Import Request.
  Time since last request: 1.464710 seconds.
  path: Assets/Pixel Adventure 1/Assets/Main Characters/Mask Dude/Jump (32x32).png
  artifactKey: Guid(2d728ff08787c6640bbe4984c7ff018b) Importer(815301076,1909f56bfc062723c751e8b465ee728b)
Start importing Assets/Pixel Adventure 1/Assets/Main Characters/Mask Dude/Jump (32x32).png using Guid(2d728ff08787c6640bbe4984c7ff018b) Importer(815301076,1909f56bfc062723c751e8b465ee728b)  -> (artifact id: 'dd6b7d50aa2b65302653a50296e7eb7e') in 0.027178 seconds
Number of updated asset objects reloaded before import = 0
Number of asset objects unloaded after import = 3
========================================================================
Received Import Request.
  Time since last request: 0.000071 seconds.
  path: Assets/Pixel Adventure 1/Assets/Items/Fruits/Kiwi.png
  artifactKey: Guid(5100b75572e484e458e4340e2afe9454) Importer(815301076,1909f56bfc062723c751e8b465ee728b)
Start importing Assets/Pixel Adventure 1/Assets/Items/Fruits/Kiwi.png using Guid(5100b75572e484e458e4340e2afe9454) Importer(815301076,1909f56bfc062723c751e8b465ee728b)  -> (artifact id: '62cae07dd21ff0fb83632b6a30f45165') in 0.043660 seconds
Number of updated asset objects reloaded before import = 0
Number of asset objects unloaded after import = 19
========================================================================
Received Import Request.
  Time since last request: 0.000024 seconds.
  path: Assets/Pixel Adventure 1/Assets/Items/Fruits/Melon.png
  artifactKey: Guid(031678d507e557a41b7a16fc33bf6c39) Importer(815301076,1909f56bfc062723c751e8b465ee728b)
Start importing Assets/Pixel Adventure 1/Assets/Items/Fruits/Melon.png using Guid(031678d507e557a41b7a16fc33bf6c39) Importer(815301076,1909f56bfc062723c751e8b465ee728b)  -> (artifact id: '8891745ea801469f2b01bc0433f66cbf') in 0.043802 seconds
Number of updated asset objects reloaded before import = 0
Number of asset objects unloaded after import = 19
========================================================================
Received Import Request.
  Time since last request: 0.000042 seconds.
  path: Assets/Pixel Adventure 1/Assets/Traps/Sand Mud Ice/Mud Particle.png
  artifactKey: Guid(54d83c3d1e256b340a5d5f928746a5e5) Importer(815301076,1909f56bfc062723c751e8b465ee728b)
Start importing Assets/Pixel Adventure 1/Assets/Traps/Sand Mud Ice/Mud Particle.png using Guid(54d83c3d1e256b340a5d5f928746a5e5) Importer(815301076,1909f56bfc062723c751e8b465ee728b)  -> (artifact id: 'b0acb42e74ae92406a482c82917d4b15') in 0.026796 seconds
Number of updated asset objects reloaded before import = 0
Number of asset objects unloaded after import = 3
========================================================================
Received Import Request.
  Time since last request: 0.000021 seconds.
  path: Assets/Pixel Adventure 1/Assets/Traps/Fire/Off.png
  artifactKey: Guid(84b0d89aa2c8bfb4c8c1d378fa972fbd) Importer(815301076,1909f56bfc062723c751e8b465ee728b)
Start importing Assets/Pixel Adventure 1/Assets/Traps/Fire/Off.png using Guid(84b0d89aa2c8bfb4c8c1d378fa972fbd) Importer(815301076,1909f56bfc062723c751e8b465ee728b)  -> (artifact id: 'e2c15ad6c6da883a8d1b47d7277eae96') in 0.018282 seconds
Number of updated asset objects reloaded before import = 0
Number of asset objects unloaded after import = 3
========================================================================
Received Import Request.
  Time since last request: 0.000123 seconds.
  path: Assets/Pixel Adventure 1/Assets/Traps/Fan/On (24x8).png
  artifactKey: Guid(7c645aea6faf2564aa5917bd4ca765ea) Importer(815301076,1909f56bfc062723c751e8b465ee728b)
Start importing Assets/Pixel Adventure 1/Assets/Traps/Fan/On (24x8).png using Guid(7c645aea6faf2564aa5917bd4ca765ea) Importer(815301076,1909f56bfc062723c751e8b465ee728b)  -> (artifact id: 'f30b5469e361ffc0990f3a5397945604') in 0.031099 seconds
Number of updated asset objects reloaded before import = 0
Number of asset objects unloaded after import = 6
========================================================================
Received Import Request.
  Time since last request: 0.000022 seconds.
  path: Assets/Pixel Adventure 1/Assets/Traps/Falling Platforms/Off.png
  artifactKey: Guid(99329b87c11d1ee4f8d328e269a7073b) Importer(815301076,1909f56bfc062723c751e8b465ee728b)
Start importing Assets/Pixel Adventure 1/Assets/Traps/Falling Platforms/Off.png using Guid(99329b87c11d1ee4f8d328e269a7073b) Importer(815301076,1909f56bfc062723c751e8b465ee728b)  -> (artifact id: '48f4af2d7d8f5651c88162c15a81d962') in 0.020264 seconds
Number of updated asset objects reloaded before import = 0
Number of asset objects unloaded after import = 3
========================================================================
Received Import Request.
  Time since last request: 0.000064 seconds.
  path: Assets/Pixel Adventure 1/Assets/Main Characters/Ninja Frog/Run (32x32).png
  artifactKey: Guid(e362bc6a7c79fce4db16d145d43a5550) Importer(815301076,1909f56bfc062723c751e8b465ee728b)
Start importing Assets/Pixel Adventure 1/Assets/Main Characters/Ninja Frog/Run (32x32).png using Guid(e362bc6a7c79fce4db16d145d43a5550) Importer(815301076,1909f56bfc062723c751e8b465ee728b)  -> (artifact id: '4d94eb390c6c4cf41042f970358429f7') in 0.041506 seconds
Number of updated asset objects reloaded before import = 0
Number of asset objects unloaded after import = 14
========================================================================
Received Import Request.
  Time since last request: 0.000019 seconds.
  path: Assets/Pixel Adventure 1/Assets/Items/Fruits/Strawberry.png
  artifactKey: Guid(a2c110585eb710b408972fbc3b96136d) Importer(815301076,1909f56bfc062723c751e8b465ee728b)
Start importing Assets/Pixel Adventure 1/Assets/Items/Fruits/Strawberry.png using Guid(a2c110585eb710b408972fbc3b96136d) Importer(815301076,1909f56bfc062723c751e8b465ee728b)  -> (artifact id: '16a633f9c8ae42376cbc8dccdc02481e') in 0.044230 seconds
Number of updated asset objects reloaded before import = 0
Number of asset objects unloaded after import = 19
========================================================================
Received Import Request.
  Time since last request: 0.000017 seconds.
  path: Assets/Pixel Adventure 1/Assets/Background/Pink.png
  artifactKey: Guid(348c3b734b11d3b4aa5c69e25b7113e6) Importer(815301076,1909f56bfc062723c751e8b465ee728b)
Start importing Assets/Pixel Adventure 1/Assets/Background/Pink.png using Guid(348c3b734b11d3b4aa5c69e25b7113e6) Importer(815301076,1909f56bfc062723c751e8b465ee728b)  -> (artifact id: '33d24dccadf2054029527f46bfbb2a81') in 0.021702 seconds
Number of updated asset objects reloaded before import = 0
Number of asset objects unloaded after import = 3
========================================================================
Received Import Request.
  Time since last request: 0.000022 seconds.
  path: Assets/Pixel Adventure 1/Assets/Items/Fruits/Orange.png
  artifactKey: Guid(ffc9f271fad56c243a45f100b9dc6778) Importer(815301076,1909f56bfc062723c751e8b465ee728b)
Start importing Assets/Pixel Adventure 1/Assets/Items/Fruits/Orange.png using Guid(ffc9f271fad56c243a45f100b9dc6778) Importer(815301076,1909f56bfc062723c751e8b465ee728b)  -> (artifact id: 'bfac7b122cc250e3f10cf1d14e40ab28') in 0.041158 seconds
Number of updated asset objects reloaded before import = 0
Number of asset objects unloaded after import = 19
========================================================================
Received Import Request.
  Time since last request: 0.000015 seconds.
  path: Assets/Pixel Adventure 1/Assets/Traps/Fire/On (16x32).png
  artifactKey: Guid(3c112a44cc7dc7a468f4d132c2e7611c) Importer(815301076,1909f56bfc062723c751e8b465ee728b)
Start importing Assets/Pixel Adventure 1/Assets/Traps/Fire/On (16x32).png using Guid(3c112a44cc7dc7a468f4d132c2e7611c) Importer(815301076,1909f56bfc062723c751e8b465ee728b)  -> (artifact id: '8d4c13d58a62f4582d3a216064b696a8') in 0.023572 seconds
Number of updated asset objects reloaded before import = 0
Number of asset objects unloaded after import = 5
========================================================================
Received Import Request.
  Time since last request: 0.001026 seconds.
  path: Assets/Pixel Adventure 1/Assets/Traps/Rock Head/Top Hit (42x42).png
  artifactKey: Guid(cbc3de93d8c073148bfa4e9b375fe7f7) Importer(815301076,1909f56bfc062723c751e8b465ee728b)
Start importing Assets/Pixel Adventure 1/Assets/Traps/Rock Head/Top Hit (42x42).png using Guid(cbc3de93d8c073148bfa4e9b375fe7f7) Importer(815301076,1909f56bfc062723c751e8b465ee728b)  -> (artifact id: '2350da4a0f9bbb55c67071b58ad8efa5') in 0.029206 seconds
Number of updated asset objects reloaded before import = 0
Number of asset objects unloaded after import = 6
========================================================================
Received Import Request.
  Time since last request: 0.000022 seconds.
  path: Assets/Pixel Adventure 1/Assets/Main Characters/Pink Man/Wall Jump (32x32).png
  artifactKey: Guid(603abb83490921841976d0f1b2045f23) Importer(815301076,1909f56bfc062723c751e8b465ee728b)
Start importing Assets/Pixel Adventure 1/Assets/Main Characters/Pink Man/Wall Jump (32x32).png using Guid(603abb83490921841976d0f1b2045f23) Importer(815301076,1909f56bfc062723c751e8b465ee728b)  -> (artifact id: '507fd411f22de5a8a67b20a6be08f398') in 0.027565 seconds
Number of updated asset objects reloaded before import = 0
Number of asset objects unloaded after import = 7
========================================================================
Received Import Request.
  Time since last request: 0.000014 seconds.
  path: Assets/Pixel Adventure 1/Assets/Main Characters/Mask Dude/Wall Jump (32x32).png
  artifactKey: Guid(9b7e8d8d6e9ac904dba7f59ba8b11835) Importer(815301076,1909f56bfc062723c751e8b465ee728b)
Start importing Assets/Pixel Adventure 1/Assets/Main Characters/Mask Dude/Wall Jump (32x32).png using Guid(9b7e8d8d6e9ac904dba7f59ba8b11835) Importer(815301076,1909f56bfc062723c751e8b465ee728b)  -> (artifact id: 'aeec0bc8ead2cd5ea86d7f2245e89bb2') in 0.030427 seconds
Number of updated asset objects reloaded before import = 0
Number of asset objects unloaded after import = 7
========================================================================
Received Import Request.
  Time since last request: 4.660972 seconds.
  path: Assets/Pixel Adventure 1/Assets/Background/Purple.png
  artifactKey: Guid(248611cc7bb8d85448933cee393ce41e) Importer(815301076,1909f56bfc062723c751e8b465ee728b)
Start importing Assets/Pixel Adventure 1/Assets/Background/Purple.png using Guid(248611cc7bb8d85448933cee393ce41e) Importer(815301076,1909f56bfc062723c751e8b465ee728b)  -> (artifact id: '772d5d168a0d1970cc59e1620c2cbf79') in 0.021569 seconds
Number of updated asset objects reloaded before import = 0
Number of asset objects unloaded after import = 3
Editor requested this worker to shutdown with reason: Scaling down because of idle timeout
TcpMessagingSession - receive error: operation aborted. errorcode: 995, details: Der E/A-Vorgang wurde wegen eines Threadendes oder einer Anwendungsanforderung abgebrochen.
AssetImportWorker is now disconnected from the server
Process exiting
Exiting without the bug reporter. Application will terminate with return code 0